2024-02-02 15:19:08,607 - tensorflow - WARNING - From C:\Users\jball\anaconda3\envs\handwritingAI\Lib\site-packages\tf2onnx\tf_loader.py:68: The name tf.reset_default_graph is deprecated. Please use tf.compat.v1.reset_default_graph instead.

2024-02-02 15:19:08,760 - tensorflow - WARNING - From C:\Users\jball\anaconda3\envs\handwritingAI\Lib\site-packages\tf2onnx\tf_loader.py:72: The name tf.train.import_meta_graph is deprecated. Please use tf.compat.v1.train.import_meta_graph instead.

2024-02-02 15:19:09,908 - tensorflow - WARNING - From C:\Users\jball\anaconda3\envs\handwritingAI\Lib\site-packages\keras\src\utils\tf_utils.py:492: The name tf.ragged.RaggedTensorValue is deprecated. Please use tf.compat.v1.ragged.RaggedTensorValue instead.

2024-02-02 15:19:19,035 - tensorflow - WARNING - Callback method `on_train_batch_end` is slow compared to the batch time (batch time: 0.0423s vs `on_train_batch_end` time: 0.2357s). Check your callbacks.
2024-02-02 15:19:33,452 - root - INFO - Epoch 0; loss: 33.94876480102539; CER: 1.563572645187378; WER: 1.0; val_loss: 17.620752334594727; val_CER: 1.0; val_WER: 1.0
2024-02-02 15:19:37,366 - root - INFO - Epoch 1; loss: 16.650436401367188; CER: 1.0; WER: 1.0; val_loss: 15.987163543701172; val_CER: 1.0; val_WER: 1.0
2024-02-02 15:19:40,802 - root - INFO - Epoch 2; loss: 16.371917724609375; CER: 1.0; WER: 1.0; val_loss: 16.62769889831543; val_CER: 1.0; val_WER: 1.0
2024-02-02 15:19:49,012 - root - INFO - Epoch 3; loss: 16.167236328125; CER: 1.0; WER: 1.0; val_loss: 18.564069747924805; val_CER: 1.0; val_WER: 1.0
2024-02-02 15:19:57,370 - root - INFO - Epoch 4; loss: 15.978759765625; CER: 1.0; WER: 1.0; val_loss: 19.76184844970703; val_CER: 1.0; val_WER: 1.0
2024-02-02 15:20:05,627 - root - INFO - Epoch 5; loss: 15.88567066192627; CER: 1.0; WER: 1.0; val_loss: 20.303743362426758; val_CER: 1.0; val_WER: 1.0
2024-02-02 15:20:13,915 - root - INFO - Epoch 6; loss: 15.794469833374023; CER: 1.0; WER: 1.0; val_loss: 20.386112213134766; val_CER: 1.0; val_WER: 1.0
2024-02-02 15:20:22,105 - root - INFO - Epoch 7; loss: 15.737460136413574; CER: 1.0; WER: 1.0; val_loss: 19.83833885192871; val_CER: 1.0; val_WER: 1.0
2024-02-02 15:20:30,277 - root - INFO - Epoch 8; loss: 15.658614158630371; CER: 0.9998272657394409; WER: 1.0; val_loss: 19.68366813659668; val_CER: 1.0; val_WER: 1.0
2024-02-02 15:20:38,520 - root - INFO - Epoch 9; loss: 15.611242294311523; CER: 1.0; WER: 1.0; val_loss: 20.71883773803711; val_CER: 1.0; val_WER: 1.0
2024-02-02 15:20:46,663 - root - INFO - Epoch 10; loss: 15.515600204467773; CER: 0.999792754650116; WER: 1.0; val_loss: 18.962263107299805; val_CER: 1.0; val_WER: 1.0
2024-02-02 15:20:54,887 - root - INFO - Epoch 11; loss: 15.34004020690918; CER: 0.9983165264129639; WER: 1.0; val_loss: 18.66019058227539; val_CER: 1.0; val_WER: 1.0
2024-02-02 15:21:03,127 - root - INFO - Epoch 12; loss: 15.210503578186035; CER: 0.9910456538200378; WER: 1.0; val_loss: 18.40887451171875; val_CER: 1.0; val_WER: 1.0
2024-02-02 15:21:12,096 - root - INFO - Epoch 13; loss: 15.068589210510254; CER: 0.9791403412818909; WER: 1.0; val_loss: 17.62220573425293; val_CER: 0.9911850094795227; val_WER: 1.0
2024-02-02 15:21:20,577 - root - INFO - Epoch 14; loss: 14.915236473083496; CER: 0.9729220867156982; WER: 1.0; val_loss: 17.71717071533203; val_CER: 0.9923423528671265; val_WER: 1.0
2024-02-02 15:21:29,551 - root - INFO - Epoch 15; loss: 14.62429428100586; CER: 0.9572610259056091; WER: 1.0; val_loss: 16.78739356994629; val_CER: 0.9855816960334778; val_WER: 1.0
2024-02-02 15:21:38,771 - root - INFO - Epoch 16; loss: 14.456191062927246; CER: 0.9400774836540222; WER: 0.99689120054245; val_loss: 17.817020416259766; val_CER: 0.9798718094825745; val_WER: 1.0
2024-02-02 15:21:47,952 - root - INFO - Epoch 17; loss: 14.259295463562012; CER: 0.926308274269104; WER: 0.9937824010848999; val_loss: 18.492462158203125; val_CER: 0.9734785556793213; val_WER: 1.0
2024-02-02 15:21:57,239 - root - INFO - Epoch 18; loss: 14.09095287322998; CER: 0.923880398273468; WER: 0.995854914188385; val_loss: 16.54507064819336; val_CER: 0.9695616960525513; val_WER: 1.0
2024-02-02 15:22:07,469 - root - INFO - Epoch 19; loss: 13.892645835876465; CER: 0.9133211374282837; WER: 0.9948186278343201; val_loss: 17.26365089416504; val_CER: 0.9591193199157715; val_WER: 1.0
2024-02-02 15:22:16,811 - root - INFO - Epoch 20; loss: 13.66928482055664; CER: 0.8867506384849548; WER: 0.9823834300041199; val_loss: 16.956501007080078; val_CER: 0.9527701139450073; val_WER: 1.0
2024-02-02 15:22:21,262 - root - INFO - Epoch 21; loss: 13.492573738098145; CER: 0.868760883808136; WER: 0.9813471436500549; val_loss: 15.552183151245117; val_CER: 0.9221778512001038; val_WER: 0.9814814925193787
2024-02-02 15:22:30,995 - root - INFO - Epoch 22; loss: 13.41384506225586; CER: 0.8747910261154175; WER: 0.9823834300041199; val_loss: 14.990728378295898; val_CER: 0.8901157975196838; val_WER: 0.9629629850387573
2024-02-02 15:22:40,728 - root - INFO - Epoch 23; loss: 13.162643432617188; CER: 0.8508303165435791; WER: 0.9740932583808899; val_loss: 13.962148666381836; val_CER: 0.8692272901535034; val_WER: 0.9629629850387573
2024-02-02 15:22:49,762 - root - INFO - Epoch 24; loss: 13.122386932373047; CER: 0.8398357033729553; WER: 0.9761658310890198; val_loss: 14.08421802520752; val_CER: 0.8605780601501465; val_WER: 0.9629629850387573
2024-02-02 15:22:58,229 - root - INFO - Epoch 25; loss: 12.879629135131836; CER: 0.8338176608085632; WER: 0.9751295447349548; val_loss: 15.274497985839844; val_CER: 0.9289605617523193; val_WER: 1.0
2024-02-02 15:23:06,462 - root - INFO - Epoch 26; loss: 12.799761772155762; CER: 0.8167932629585266; WER: 0.9740932583808899; val_loss: 14.632415771484375; val_CER: 0.8744117617607117; val_WER: 0.9629629850387573
2024-02-02 15:23:17,636 - root - INFO - Epoch 27; loss: 12.62086009979248; CER: 0.8176043033599854; WER: 0.9720207452774048; val_loss: 13.663971900939941; val_CER: 0.8507418632507324; val_WER: 0.9629629850387573
2024-02-02 15:23:26,768 - root - INFO - Epoch 28; loss: 12.469796180725098; CER: 0.807593822479248; WER: 0.9678756594657898; val_loss: 12.644786834716797; val_CER: 0.8353502750396729; val_WER: 0.9629629850387573
2024-02-02 15:23:35,559 - root - INFO - Epoch 29; loss: 12.360147476196289; CER: 0.7838468551635742; WER: 0.973056972026825; val_loss: 13.743637084960938; val_CER: 0.8837813138961792; val_WER: 0.9907407164573669
2024-02-02 15:23:44,219 - root - INFO - Epoch 30; loss: 12.118875503540039; CER: 0.785382866859436; WER: 0.9720207452774048; val_loss: 13.929874420166016; val_CER: 0.8536224961280823; val_WER: 0.9629629850387573
2024-02-02 15:23:47,569 - root - INFO - Epoch 31; loss: 11.989176750183105; CER: 0.7641108632087708; WER: 0.9678756594657898; val_loss: 13.809195518493652; val_CER: 0.8426841497421265; val_WER: 0.9722222089767456
2024-02-02 15:23:56,446 - root - INFO - Epoch 32; loss: 11.929705619812012; CER: 0.7677778601646423; WER: 0.973056972026825; val_loss: 12.826241493225098; val_CER: 0.823059618473053; val_WER: 0.9629629850387573
2024-02-02 15:24:04,869 - root - INFO - Epoch 33; loss: 11.585959434509277; CER: 0.7508085370063782; WER: 0.9658030867576599; val_loss: 12.910964965820312; val_CER: 0.8347659707069397; val_WER: 0.9814814925193787
2024-02-02 15:24:14,513 - root - INFO - Epoch 34; loss: 11.617043495178223; CER: 0.740512490272522; WER: 0.9668393731117249; val_loss: 12.45344352722168; val_CER: 0.8182793259620667; val_WER: 0.9907407164573669
2024-02-02 15:24:18,814 - root - INFO - Epoch 35; loss: 11.462383270263672; CER: 0.730006754398346; WER: 0.9668393731117249; val_loss: 12.169479370117188; val_CER: 0.7780964970588684; val_WER: 0.9629629850387573
2024-02-02 15:24:28,385 - root - INFO - Epoch 36; loss: 11.259749412536621; CER: 0.7233859300613403; WER: 0.9689119458198547; val_loss: 12.210888862609863; val_CER: 0.7658061981201172; val_WER: 0.9629629850387573
2024-02-02 15:24:31,901 - root - INFO - Epoch 37; loss: 11.175396919250488; CER: 0.7131171822547913; WER: 0.9637305736541748; val_loss: 12.66006088256836; val_CER: 0.7724273204803467; val_WER: 0.9629629850387573
2024-02-02 15:24:40,098 - root - INFO - Epoch 38; loss: 10.972143173217773; CER: 0.7046164870262146; WER: 0.9658030867576599; val_loss: 11.672988891601562; val_CER: 0.7778612971305847; val_WER: 0.9907407164573669
2024-02-02 15:24:49,250 - root - INFO - Epoch 39; loss: 10.901114463806152; CER: 0.688379168510437; WER: 0.9658030867576599; val_loss: 11.270143508911133; val_CER: 0.7322043180465698; val_WER: 0.9722222089767456
2024-02-02 15:24:53,579 - root - INFO - Epoch 40; loss: 10.824389457702637; CER: 0.6949792504310608; WER: 0.9647668600082397; val_loss: 11.164959907531738; val_CER: 0.7127379179000854; val_WER: 0.9629629850387573
2024-02-02 15:25:02,134 - root - INFO - Epoch 41; loss: 10.592607498168945; CER: 0.6636139750480652; WER: 0.9585492014884949; val_loss: 13.145532608032227; val_CER: 0.7911960482597351; val_WER: 0.9907407164573669
2024-02-02 15:25:05,541 - root - INFO - Epoch 42; loss: 10.45862865447998; CER: 0.6621672511100769; WER: 0.9585492014884949; val_loss: 11.256651878356934; val_CER: 0.7177533507347107; val_WER: 0.9629629850387573
2024-02-02 15:25:13,755 - root - INFO - Epoch 43; loss: 10.284218788146973; CER: 0.6567592620849609; WER: 0.9544041156768799; val_loss: 11.211268424987793; val_CER: 0.7337439060211182; val_WER: 0.9629629850387573
2024-02-02 15:25:22,726 - root - INFO - Epoch 44; loss: 10.298428535461426; CER: 0.6596907377243042; WER: 0.9585492014884949; val_loss: 11.173234939575195; val_CER: 0.6976143717765808; val_WER: 0.9629629850387573
2024-02-02 15:25:26,993 - root - INFO - Epoch 45; loss: 10.158902168273926; CER: 0.6447147130966187; WER: 0.9595854878425598; val_loss: 10.536264419555664; val_CER: 0.6773910522460938; val_WER: 0.9537037014961243
2024-02-02 15:25:35,951 - root - INFO - Epoch 46; loss: 9.968133926391602; CER: 0.6316837668418884; WER: 0.9523316025733948; val_loss: 9.953972816467285; val_CER: 0.634423553943634; val_WER: 0.9537037014961243
2024-02-02 15:25:44,450 - root - INFO - Epoch 47; loss: 9.894964218139648; CER: 0.6327049136161804; WER: 0.9554404020309448; val_loss: 10.320884704589844; val_CER: 0.6663123369216919; val_WER: 0.9629629850387573
2024-02-02 15:25:53,366 - root - INFO - Epoch 48; loss: 9.711382865905762; CER: 0.6200580596923828; WER: 0.9533678889274597; val_loss: 9.86807918548584; val_CER: 0.6268138289451599; val_WER: 0.9537037014961243
2024-02-02 15:26:01,936 - root - INFO - Epoch 49; loss: 9.474425315856934; CER: 0.5990197658538818; WER: 0.9471502304077148; val_loss: 10.194525718688965; val_CER: 0.6289415955543518; val_WER: 0.9629629850387573
2024-02-02 15:26:10,184 - root - INFO - Epoch 50; loss: 9.458517074584961; CER: 0.5942296385765076; WER: 0.9492228031158447; val_loss: 9.629804611206055; val_CER: 0.6301316618919373; val_WER: 0.9629629850387573
2024-02-02 15:26:14,380 - root - INFO - Epoch 51; loss: 9.415260314941406; CER: 0.5852164626121521; WER: 0.9430052042007446; val_loss: 9.819828987121582; val_CER: 0.6071933507919312; val_WER: 0.9629629850387573
2024-02-02 15:26:23,630 - root - INFO - Epoch 52; loss: 9.300884246826172; CER: 0.5918600559234619; WER: 0.9481865167617798; val_loss: 9.39714241027832; val_CER: 0.5785296559333801; val_WER: 0.9537037014961243
2024-02-02 15:26:32,181 - root - INFO - Epoch 53; loss: 9.072507858276367; CER: 0.5695597529411316; WER: 0.9357513189315796; val_loss: 9.371021270751953; val_CER: 0.5826746821403503; val_WER: 0.9629629850387573
2024-02-02 15:26:40,501 - root - INFO - Epoch 54; loss: 9.02525520324707; CER: 0.5692219734191895; WER: 0.9502590894699097; val_loss: 9.764888763427734; val_CER: 0.6121569871902466; val_WER: 0.9537037014961243
2024-02-02 15:26:48,753 - root - INFO - Epoch 55; loss: 8.953557014465332; CER: 0.5681032538414001; WER: 0.9388601183891296; val_loss: 9.516913414001465; val_CER: 0.6251052618026733; val_WER: 0.9629629850387573
2024-02-02 15:26:56,989 - root - INFO - Epoch 56; loss: 8.78535270690918; CER: 0.5670447945594788; WER: 0.9419689178466797; val_loss: 9.443544387817383; val_CER: 0.5971954464912415; val_WER: 0.9537037014961243
2024-02-02 15:27:05,314 - root - INFO - Epoch 57; loss: 8.714682579040527; CER: 0.5487925410270691; WER: 0.9284974336624146; val_loss: 9.129929542541504; val_CER: 0.5835047364234924; val_WER: 0.9537037014961243
2024-02-02 15:27:13,524 - root - INFO - Epoch 58; loss: 8.56118106842041; CER: 0.5376383066177368; WER: 0.9305699467658997; val_loss: 10.11564826965332; val_CER: 0.6015679240226746; val_WER: 0.9166666865348816
2024-02-02 15:27:16,993 - root - INFO - Epoch 59; loss: 8.443815231323242; CER: 0.5350409746170044; WER: 0.9357513189315796; val_loss: 9.596488952636719; val_CER: 0.5815021991729736; val_WER: 0.9444444179534912
2024-02-02 15:27:20,385 - root - INFO - Epoch 60; loss: 8.372254371643066; CER: 0.5404732823371887; WER: 0.9347150325775146; val_loss: 8.874606132507324; val_CER: 0.5851029753684998; val_WER: 0.9444444179534912
2024-02-02 15:27:29,451 - root - INFO - Epoch 61; loss: 8.184192657470703; CER: 0.5183752179145813; WER: 0.9305699467658997; val_loss: 8.809614181518555; val_CER: 0.5443545579910278; val_WER: 0.9351851940155029
2024-02-02 15:27:33,058 - root - INFO - Epoch 62; loss: 8.170619010925293; CER: 0.5250563025474548; WER: 0.9316062331199646; val_loss: 8.819300651550293; val_CER: 0.5446011424064636; val_WER: 0.9351851940155029
2024-02-02 15:27:41,462 - root - INFO - Epoch 63; loss: 7.992661476135254; CER: 0.505377471446991; WER: 0.9181346893310547; val_loss: 8.456367492675781; val_CER: 0.5468865036964417; val_WER: 0.9351851940155029
2024-02-02 15:27:49,746 - root - INFO - Epoch 64; loss: 7.908598899841309; CER: 0.5033635497093201; WER: 0.9181346893310547; val_loss: 8.613178253173828; val_CER: 0.5496613383293152; val_WER: 0.9259259104728699
2024-02-02 15:27:57,970 - root - INFO - Epoch 65; loss: 7.86210298538208; CER: 0.51011061668396; WER: 0.9222797751426697; val_loss: 8.658743858337402; val_CER: 0.5571377873420715; val_WER: 0.9444444179534912
2024-02-02 15:28:07,120 - root - INFO - Epoch 66; loss: 7.755544185638428; CER: 0.4964684247970581; WER: 0.9119170904159546; val_loss: 8.428969383239746; val_CER: 0.5081258416175842; val_WER: 0.9166666865348816
2024-02-02 15:28:15,404 - root - INFO - Epoch 67; loss: 7.595515727996826; CER: 0.4853998124599457; WER: 0.9170984625816345; val_loss: 8.288151741027832; val_CER: 0.5101173520088196; val_WER: 0.9259259104728699
2024-02-02 15:28:23,610 - root - INFO - Epoch 68; loss: 7.629552364349365; CER: 0.48946449160575867; WER: 0.9233160614967346; val_loss: 8.257298469543457; val_CER: 0.509371817111969; val_WER: 0.8888888955116272
2024-02-02 15:28:32,810 - root - INFO - Epoch 69; loss: 7.485159873962402; CER: 0.4678702652454376; WER: 0.8943005204200745; val_loss: 8.252765655517578; val_CER: 0.5001566410064697; val_WER: 0.8981481194496155
2024-02-02 15:28:36,398 - root - INFO - Epoch 70; loss: 7.317044734954834; CER: 0.46391674876213074; WER: 0.9005181193351746; val_loss: 8.326498031616211; val_CER: 0.5141487717628479; val_WER: 0.9074074029922485
2024-02-02 15:28:40,133 - root - INFO - Epoch 71; loss: 7.253630638122559; CER: 0.4721658527851105; WER: 0.9067357778549194; val_loss: 8.175053596496582; val_CER: 0.5138000845909119; val_WER: 0.9074074029922485
2024-02-02 15:28:47,069 - root - INFO - Epoch 72; loss: 6.962326526641846; CER: 0.4501737654209137; WER: 0.8963730335235596; val_loss: 8.113567352294922; val_CER: 0.4770161807537079; val_WER: 0.8703703880310059
2024-02-02 15:28:55,207 - root - INFO - Epoch 73; loss: 6.867367267608643; CER: 0.4454028606414795; WER: 0.8994818925857544; val_loss: 8.12721061706543; val_CER: 0.4943847060203552; val_WER: 0.9074074029922485
2024-02-02 15:29:04,051 - root - INFO - Epoch 74; loss: 6.845259666442871; CER: 0.43264085054397583; WER: 0.8746113777160645; val_loss: 7.637966632843018; val_CER: 0.46444571018218994; val_WER: 0.8981481194496155
2024-02-02 15:29:13,096 - root - INFO - Epoch 75; loss: 6.809464931488037; CER: 0.43587490916252136; WER: 0.8808290362358093; val_loss: 7.487995147705078; val_CER: 0.4642700254917145; val_WER: 0.8981481194496155
2024-02-02 15:29:21,238 - root - INFO - Epoch 76; loss: 6.61376428604126; CER: 0.4186917245388031; WER: 0.8632124066352844; val_loss: 8.016403198242188; val_CER: 0.4905296564102173; val_WER: 0.8888888955116272
2024-02-02 15:29:29,191 - root - INFO - Epoch 77; loss: 6.573099613189697; CER: 0.4087349474430084; WER: 0.8632124066352844; val_loss: 7.922930717468262; val_CER: 0.47973519563674927; val_WER: 0.9166666865348816
2024-02-02 15:29:37,124 - root - INFO - Epoch 78; loss: 6.3827433586120605; CER: 0.41399210691452026; WER: 0.8704662919044495; val_loss: 7.935242176055908; val_CER: 0.47595030069351196; val_WER: 0.9074074029922485
2024-02-02 15:29:45,843 - root - INFO - Epoch 79; loss: 6.466879367828369; CER: 0.4041730463504791; WER: 0.8663212656974792; val_loss: 8.03773307800293; val_CER: 0.459529846906662; val_WER: 0.8888888955116272
2024-02-02 15:29:54,137 - root - INFO - Epoch 80; loss: 6.339896202087402; CER: 0.40337491035461426; WER: 0.8663212656974792; val_loss: 8.929656982421875; val_CER: 0.5147807002067566; val_WER: 0.8981481194496155
2024-02-02 15:30:03,021 - root - INFO - Epoch 81; loss: 6.201005458831787; CER: 0.39437875151634216; WER: 0.8632124066352844; val_loss: 7.535696983337402; val_CER: 0.4521190822124481; val_WER: 0.8703703880310059
2024-02-02 15:30:11,850 - root - INFO - Epoch 82; loss: 6.113945007324219; CER: 0.39281749725341797; WER: 0.8549222946166992; val_loss: 7.5597825050354; val_CER: 0.44569242000579834; val_WER: 0.8796296119689941
2024-02-02 15:30:20,945 - root - INFO - Epoch 83; loss: 6.056314468383789; CER: 0.38863125443458557; WER: 0.8383419513702393; val_loss: 7.420429706573486; val_CER: 0.4427051842212677; val_WER: 0.8518518805503845
2024-02-02 15:30:28,972 - root - INFO - Epoch 84; loss: 5.93865966796875; CER: 0.368921160697937; WER: 0.8455958366394043; val_loss: 7.83378791809082; val_CER: 0.4700937569141388; val_WER: 0.9074074029922485
2024-02-02 15:30:36,797 - root - INFO - Epoch 85; loss: 5.8495941162109375; CER: 0.3772410750389099; WER: 0.830051839351654; val_loss: 7.231983661651611; val_CER: 0.4485987424850464; val_WER: 0.9074074029922485
2024-02-02 15:30:45,542 - root - INFO - Epoch 86; loss: 5.774576187133789; CER: 0.35744211077690125; WER: 0.8238341808319092; val_loss: 7.15960693359375; val_CER: 0.43167856335639954; val_WER: 0.8611111044883728
2024-02-02 15:30:54,349 - root - INFO - Epoch 87; loss: 5.646389961242676; CER: 0.3591245114803314; WER: 0.830051839351654; val_loss: 6.877797603607178; val_CER: 0.4065793752670288; val_WER: 0.8333333134651184
2024-02-02 15:31:02,566 - root - INFO - Epoch 88; loss: 5.522638320922852; CER: 0.35323408246040344; WER: 0.8217616677284241; val_loss: 7.381311416625977; val_CER: 0.4407397508621216; val_WER: 0.8703703880310059
2024-02-02 15:31:10,428 - root - INFO - Epoch 89; loss: 5.557568073272705; CER: 0.34779930114746094; WER: 0.8124352097511292; val_loss: 6.90693473815918; val_CER: 0.41564056277275085; val_WER: 0.8518518805503845
2024-02-02 15:31:18,275 - root - INFO - Epoch 90; loss: 5.410009384155273; CER: 0.3418894112110138; WER: 0.806217610836029; val_loss: 10.283496856689453; val_CER: 0.5686171054840088; val_WER: 0.8981481194496155
2024-02-02 15:31:26,159 - root - INFO - Epoch 91; loss: 5.355504512786865; CER: 0.33802664279937744; WER: 0.807253897190094; val_loss: 7.24513578414917; val_CER: 0.414424329996109; val_WER: 0.8518518805503845
2024-02-02 15:31:34,036 - root - INFO - Epoch 92; loss: 5.254251956939697; CER: 0.3332236707210541; WER: 0.7968912124633789; val_loss: 9.691553115844727; val_CER: 0.5629693269729614; val_WER: 0.9166666865348816
2024-02-02 15:31:46,811 - root - INFO - Epoch 93; loss: 5.214212894439697; CER: 0.33875903487205505; WER: 0.8020725250244141; val_loss: 6.733839511871338; val_CER: 0.391488641500473; val_WER: 0.8425925970077515
2024-02-02 15:31:55,550 - root - INFO - Epoch 94; loss: 4.974761962890625; CER: 0.3220744729042053; WER: 0.791709840297699; val_loss: 7.192871570587158; val_CER: 0.41485390067100525; val_WER: 0.8148148059844971
2024-02-02 15:32:04,888 - root - INFO - Epoch 95; loss: 5.068190097808838; CER: 0.31930533051490784; WER: 0.7709844708442688; val_loss: 6.62239408493042; val_CER: 0.3695680499076843; val_WER: 0.7962962985038757
2024-02-02 15:32:14,279 - root - INFO - Epoch 96; loss: 4.884087085723877; CER: 0.31083858013153076; WER: 0.7502590417861938; val_loss: 6.665257453918457; val_CER: 0.3677559196949005; val_WER: 0.8055555820465088
2024-02-02 15:32:22,478 - root - INFO - Epoch 97; loss: 4.768069744110107; CER: 0.30505210161209106; WER: 0.7626942992210388; val_loss: 6.764192581176758; val_CER: 0.37129828333854675; val_WER: 0.8148148059844971
2024-02-02 15:32:30,591 - root - INFO - Epoch 98; loss: 4.748863697052002; CER: 0.2999841570854187; WER: 0.7564767003059387; val_loss: 7.525041103363037; val_CER: 0.44556745886802673; val_WER: 0.8796296119689941
2024-02-02 15:32:38,641 - root - INFO - Epoch 99; loss: 4.8488874435424805; CER: 0.308051735162735; WER: 0.7730569839477539; val_loss: 6.7917304039001465; val_CER: 0.4158787131309509; val_WER: 0.8796296119689941
2024-02-02 15:32:46,621 - root - INFO - Epoch 100; loss: 4.625190734863281; CER: 0.30196285247802734; WER: 0.7595854997634888; val_loss: 7.296172618865967; val_CER: 0.4243590533733368; val_WER: 0.8518518805503845
2024-02-02 15:32:54,670 - root - INFO - Epoch 101; loss: 4.480756759643555; CER: 0.2863246500492096; WER: 0.7440414428710938; val_loss: 7.912977695465088; val_CER: 0.46643751859664917; val_WER: 0.8888888955116272
2024-02-02 15:33:02,687 - root - INFO - Epoch 102; loss: 4.439729690551758; CER: 0.27084243297576904; WER: 0.7046632170677185; val_loss: 6.668025493621826; val_CER: 0.3866094946861267; val_WER: 0.8425925970077515
2024-02-02 15:33:10,803 - root - INFO - Epoch 103; loss: 4.468107223510742; CER: 0.29088371992111206; WER: 0.7471502423286438; val_loss: 7.41784143447876; val_CER: 0.4399714767932892; val_WER: 0.8425925970077515
2024-02-02 15:33:18,836 - root - INFO - Epoch 104; loss: 4.351698875427246; CER: 0.2765793800354004; WER: 0.7222797870635986; val_loss: 6.725837707519531; val_CER: 0.39809906482696533; val_WER: 0.8148148059844971
2024-02-02 15:33:26,860 - root - INFO - Epoch 105; loss: 4.291574478149414; CER: 0.27053263783454895; WER: 0.7088083028793335; val_loss: 9.838699340820312; val_CER: 0.562701404094696; val_WER: 0.9351851940155029
2024-02-02 15:33:34,948 - root - INFO - Epoch 106; loss: 4.309070110321045; CER: 0.2795325815677643; WER: 0.7357512712478638; val_loss: 7.354942321777344; val_CER: 0.40087655186653137; val_WER: 0.8333333134651184
2024-02-02 15:33:43,000 - root - INFO - Epoch 107; loss: 4.109236717224121; CER: 0.26576730608940125; WER: 0.7067357301712036; val_loss: 7.637869834899902; val_CER: 0.437374085187912; val_WER: 0.8425925970077515
2024-02-02 15:33:51,071 - root - INFO - Epoch 108; loss: 4.128786087036133; CER: 0.2582034170627594; WER: 0.6849740743637085; val_loss: 7.167690753936768; val_CER: 0.38837316632270813; val_WER: 0.8425925970077515
2024-02-02 15:33:59,323 - root - INFO - Epoch 109; loss: 4.08156681060791; CER: 0.2496080994606018; WER: 0.6777201890945435; val_loss: 7.1291823387146; val_CER: 0.41785213351249695; val_WER: 0.8425925970077515
2024-02-02 15:34:07,285 - root - INFO - Epoch 110; loss: 3.8783013820648193; CER: 0.24998688697814941; WER: 0.6974093317985535; val_loss: 7.1993937492370605; val_CER: 0.41483187675476074; val_WER: 0.8055555820465088
2024-02-02 15:34:15,249 - root - INFO - Epoch 111; loss: 3.8985095024108887; CER: 0.25022879242897034; WER: 0.6994818449020386; val_loss: 6.57143497467041; val_CER: 0.39330410957336426; val_WER: 0.8240740895271301
2024-02-02 15:34:23,253 - root - INFO - Epoch 112; loss: 3.886101484298706; CER: 0.2421051412820816; WER: 0.6808289885520935; val_loss: 6.733302593231201; val_CER: 0.3836553692817688; val_WER: 0.8148148059844971
2024-02-02 15:34:32,280 - root - INFO - Epoch 113; loss: 3.894817590713501; CER: 0.24262942373752594; WER: 0.6860103607177734; val_loss: 6.386185646057129; val_CER: 0.35991597175598145; val_WER: 0.7870370149612427
2024-02-02 15:34:40,486 - root - INFO - Epoch 114; loss: 3.707563638687134; CER: 0.23987537622451782; WER: 0.6642487049102783; val_loss: 6.826231956481934; val_CER: 0.39421531558036804; val_WER: 0.8148148059844971
2024-02-02 15:34:48,540 - root - INFO - Epoch 115; loss: 3.797079563140869; CER: 0.23330403864383698; WER: 0.6683937907218933; val_loss: 6.6177659034729; val_CER: 0.3863118886947632; val_WER: 0.8611111044883728
2024-02-02 15:34:56,443 - root - INFO - Epoch 116; loss: 3.789466619491577; CER: 0.2341359704732895; WER: 0.6642487049102783; val_loss: 6.869163990020752; val_CER: 0.3814834952354431; val_WER: 0.8425925970077515
2024-02-02 15:35:04,481 - root - INFO - Epoch 117; loss: 3.488436222076416; CER: 0.2175009548664093; WER: 0.6238341927528381; val_loss: 6.2632598876953125; val_CER: 0.3658529818058014; val_WER: 0.8240740895271301
2024-02-02 15:35:13,351 - root - INFO - Epoch 118; loss: 3.5268235206604004; CER: 0.22061967849731445; WER: 0.6362694501876831; val_loss: 6.030154228210449; val_CER: 0.33460330963134766; val_WER: 0.7777777910232544
2024-02-02 15:35:21,525 - root - INFO - Epoch 119; loss: 3.362405776977539; CER: 0.22526831924915314; WER: 0.6549223065376282; val_loss: 8.083778381347656; val_CER: 0.4578400254249573; val_WER: 0.8518518805503845
2024-02-02 15:35:29,513 - root - INFO - Epoch 120; loss: 3.3408868312835693; CER: 0.21453218162059784; WER: 0.6290155649185181; val_loss: 6.804200172424316; val_CER: 0.37035834789276123; val_WER: 0.8055555820465088
2024-02-02 15:35:37,442 - root - INFO - Epoch 121; loss: 3.4009268283843994; CER: 0.20616310834884644; WER: 0.614507794380188; val_loss: 6.455824375152588; val_CER: 0.35442620515823364; val_WER: 0.7685185074806213
2024-02-02 15:35:45,366 - root - INFO - Epoch 122; loss: 3.4414169788360596; CER: 0.22501003742218018; WER: 0.6362694501876831; val_loss: 7.780519962310791; val_CER: 0.45041388273239136; val_WER: 0.8611111044883728
2024-02-02 15:35:53,253 - root - INFO - Epoch 123; loss: 3.435238838195801; CER: 0.21838827431201935; WER: 0.6445595622062683; val_loss: 9.009476661682129; val_CER: 0.5194467902183533; val_WER: 0.8981481194496155
2024-02-02 15:36:01,298 - root - INFO - Epoch 124; loss: 3.2571823596954346; CER: 0.20757122337818146; WER: 0.6155440211296082; val_loss: 7.66304874420166; val_CER: 0.42731717228889465; val_WER: 0.8425925970077515
2024-02-02 15:36:09,233 - root - INFO - Epoch 125; loss: 3.261347532272339; CER: 0.20758293569087982; WER: 0.625906765460968; val_loss: 6.647121429443359; val_CER: 0.3563629388809204; val_WER: 0.7777777910232544
2024-02-02 15:36:17,102 - root - INFO - Epoch 126; loss: 3.195450782775879; CER: 0.20474955439567566; WER: 0.6155440211296082; val_loss: 6.4618659019470215; val_CER: 0.3687116205692291; val_WER: 0.8055555820465088
2024-02-02 15:36:25,022 - root - INFO - Epoch 127; loss: 3.212188482284546; CER: 0.21027639508247375; WER: 0.6082901358604431; val_loss: 6.487436294555664; val_CER: 0.3896040618419647; val_WER: 0.7870370149612427
2024-02-02 15:36:32,897 - root - INFO - Epoch 128; loss: 3.0488977432250977; CER: 0.1915781944990158; WER: 0.5886010527610779; val_loss: 7.035764694213867; val_CER: 0.3824574947357178; val_WER: 0.8055555820465088
2024-02-02 15:36:40,713 - root - INFO - Epoch 129; loss: 3.295647621154785; CER: 0.2080749124288559; WER: 0.5854922533035278; val_loss: 7.929203987121582; val_CER: 0.44089406728744507; val_WER: 0.8333333134651184
2024-02-02 15:36:48,597 - root - INFO - Epoch 130; loss: 2.8647544384002686; CER: 0.1817438304424286; WER: 0.5689119100570679; val_loss: 7.391038417816162; val_CER: 0.4227980971336365; val_WER: 0.8518518805503845
2024-02-02 15:36:56,537 - root - INFO - Epoch 131; loss: 2.822031259536743; CER: 0.1766733080148697; WER: 0.5585492253303528; val_loss: 7.78766393661499; val_CER: 0.4490911066532135; val_WER: 0.8611111044883728
2024-02-02 15:37:04,591 - root - INFO - Epoch 132; loss: 2.8861818313598633; CER: 0.1904994398355484; WER: 0.579274594783783; val_loss: 7.534470558166504; val_CER: 0.4083617031574249; val_WER: 0.8425925970077515
2024-02-02 15:37:12,641 - root - INFO - Epoch 133; loss: 2.8876843452453613; CER: 0.17787569761276245; WER: 0.5813471674919128; val_loss: 7.733052730560303; val_CER: 0.41102927923202515; val_WER: 0.8425925970077515
2024-02-02 15:37:20,577 - root - INFO - Epoch 134; loss: 2.8274948596954346; CER: 0.17892278730869293; WER: 0.5606217384338379; val_loss: 7.310102939605713; val_CER: 0.40674901008605957; val_WER: 0.8703703880310059
2024-02-02 15:37:28,502 - root - INFO - Epoch 135; loss: 2.72038197517395; CER: 0.1725233644247055; WER: 0.5492228269577026; val_loss: 6.499002456665039; val_CER: 0.37795281410217285; val_WER: 0.8240740895271301
2024-02-02 15:37:36,540 - root - INFO - Epoch 136; loss: 2.7622287273406982; CER: 0.17558568716049194; WER: 0.5544041395187378; val_loss: 6.537317276000977; val_CER: 0.36571404337882996; val_WER: 0.7777777910232544
2024-02-02 15:37:44,535 - root - INFO - Epoch 137; loss: 2.738877296447754; CER: 0.17581327259540558; WER: 0.5564767122268677; val_loss: 6.833578586578369; val_CER: 0.3623189628124237; val_WER: 0.7685185074806213
2024-02-02 15:37:52,568 - root - INFO - Epoch 138; loss: 2.7309889793395996; CER: 0.1644485890865326; WER: 0.5367875695228577; val_loss: 6.553274154663086; val_CER: 0.3524608016014099; val_WER: 0.7962962985038757
2024-02-02 15:37:56,431 - tf2onnx.tfonnx - INFO - Using tensorflow=2.15.0, onnx=1.15.0, tf2onnx=1.16.1/15c810
2024-02-02 15:37:56,432 - tf2onnx.tfonnx - INFO - Using opset <onnx, 15>
2024-02-02 15:37:56,687 - tf2onnx.tf_utils - INFO - Computed 0 values for constant folding
2024-02-02 15:37:56,701 - tf2onnx.tf_utils - INFO - Computed 0 values for constant folding
2024-02-02 15:37:56,707 - tf2onnx.tf_utils - INFO - Computed 0 values for constant folding
2024-02-02 15:37:56,721 - tf2onnx.tf_utils - INFO - Computed 0 values for constant folding
2024-02-02 15:37:56,786 - tf2onnx.tf_utils - INFO - Computed 2 values for constant folding
2024-02-02 15:37:56,967 - tf2onnx.tfonnx - INFO - folding node using tf type=StridedSlice, name=model/bidirectional/forward_lstm/PartitionedCall/strided_slice
2024-02-02 15:37:56,967 - tf2onnx.tfonnx - INFO - folding node using tf type=StridedSlice, name=model/bidirectional/backward_lstm/PartitionedCall/strided_slice
2024-02-02 15:37:57,186 - tf2onnx.optimizer - INFO - Optimizing ONNX model
2024-02-02 15:37:58,485 - tf2onnx.optimizer - INFO - After optimization: BatchNormalization -18 (18->0), Cast -4 (11->7), Concat -4 (10->6), Const -129 (192->63), Expand -3 (4->1), Gather +2 (2->4), Identity -2 (2->0), Shape -1 (4->3), Slice -1 (5->4), Squeeze -3 (5->2), Transpose -81 (85->4), Unsqueeze -14 (17->3)
