2024-02-19 14:04:55,124 - tensorflow - WARNING - From C:\Users\jball\anaconda3\envs\handwritingAI\Lib\site-packages\tf2onnx\tf_loader.py:68: The name tf.reset_default_graph is deprecated. Please use tf.compat.v1.reset_default_graph instead.

2024-02-19 14:04:55,271 - tensorflow - WARNING - From C:\Users\jball\anaconda3\envs\handwritingAI\Lib\site-packages\tf2onnx\tf_loader.py:72: The name tf.train.import_meta_graph is deprecated. Please use tf.compat.v1.train.import_meta_graph instead.

2024-02-19 14:04:58,025 - tensorflow - WARNING - From C:\Users\jball\anaconda3\envs\handwritingAI\Lib\site-packages\keras\src\utils\tf_utils.py:492: The name tf.ragged.RaggedTensorValue is deprecated. Please use tf.compat.v1.ragged.RaggedTensorValue instead.

2024-02-19 14:05:10,563 - tensorflow - WARNING - Callback method `on_train_batch_end` is slow compared to the batch time (batch time: 0.0431s vs `on_train_batch_end` time: 0.2862s). Check your callbacks.
2024-02-19 14:08:44,131 - root - INFO - Epoch 0; loss: 18.22760772705078; WER: 1.0; val_loss: 18.171283721923828; val_WER: 1.0
2024-02-19 14:09:39,837 - root - INFO - Epoch 1; loss: 15.461723327636719; WER: 0.9963374137878418; val_loss: 14.410164833068848; val_WER: 0.9969103932380676
2024-02-19 14:10:35,816 - root - INFO - Epoch 2; loss: 13.699076652526855; WER: 0.9840334057807922; val_loss: 12.11435604095459; val_WER: 0.9577754735946655
2024-02-19 14:11:32,323 - root - INFO - Epoch 3; loss: 12.213728904724121; WER: 0.9482659697532654; val_loss: 10.935298919677734; val_WER: 0.9170957803726196
2024-02-19 14:12:28,127 - root - INFO - Epoch 4; loss: 10.705195426940918; WER: 0.9056312441825867; val_loss: 9.136624336242676; val_WER: 0.840370774269104
2024-02-19 14:13:24,476 - root - INFO - Epoch 5; loss: 9.47884464263916; WER: 0.8522948622703552; val_loss: 8.920075416564941; val_WER: 0.8336766362190247
2024-02-19 14:14:20,872 - root - INFO - Epoch 6; loss: 8.594497680664062; WER: 0.8142955303192139; val_loss: 7.254840850830078; val_WER: 0.7518022656440735
2024-02-19 14:15:16,637 - root - INFO - Epoch 7; loss: 7.895491600036621; WER: 0.7789286971092224; val_loss: 6.950233459472656; val_WER: 0.7409886717796326
2024-02-19 14:16:12,325 - root - INFO - Epoch 8; loss: 7.3656697273254395; WER: 0.7515165209770203; val_loss: 6.985067844390869; val_WER: 0.7662203907966614
2024-02-19 14:17:08,072 - root - INFO - Epoch 9; loss: 6.959653377532959; WER: 0.7262790203094482; val_loss: 6.8208842277526855; val_WER: 0.7250257730484009
2024-02-19 14:18:04,062 - root - INFO - Epoch 10; loss: 6.585792541503906; WER: 0.7047041058540344; val_loss: 6.509077072143555; val_WER: 0.7075180411338806
2024-02-19 14:19:01,683 - root - INFO - Epoch 11; loss: 6.327770233154297; WER: 0.6882797479629517; val_loss: 5.749716758728027; val_WER: 0.6508753895759583
2024-02-19 14:19:58,075 - root - INFO - Epoch 12; loss: 6.069338321685791; WER: 0.6663042306900024; val_loss: 5.881990909576416; val_WER: 0.6519052386283875
2024-02-19 14:20:54,071 - root - INFO - Epoch 13; loss: 5.8637800216674805; WER: 0.6567471623420715; val_loss: 5.354789733886719; val_WER: 0.6168897747993469
2024-02-19 14:21:49,393 - root - INFO - Epoch 14; loss: 5.64979887008667; WER: 0.6375758051872253; val_loss: 5.485164642333984; val_WER: 0.6302780508995056
2024-02-19 14:22:46,115 - root - INFO - Epoch 15; loss: 5.487202167510986; WER: 0.6258441209793091; val_loss: 5.326639652252197; val_WER: 0.6158599257469177
2024-02-19 14:23:42,086 - root - INFO - Epoch 16; loss: 5.327760696411133; WER: 0.6151997447013855; val_loss: 5.487029552459717; val_WER: 0.6452111005783081
2024-02-19 14:24:37,425 - root - INFO - Epoch 17; loss: 5.161337375640869; WER: 0.5987181067466736; val_loss: 8.24010944366455; val_WER: 0.8619979619979858
2024-02-19 14:25:33,566 - root - INFO - Epoch 18; loss: 5.04707145690918; WER: 0.5940826535224915; val_loss: 5.032001495361328; val_WER: 0.5829042196273804
2024-02-19 14:26:28,333 - root - INFO - Epoch 19; loss: 4.897234916687012; WER: 0.5857846140861511; val_loss: 5.234610080718994; val_WER: 0.6168897747993469
2024-02-19 14:27:23,373 - root - INFO - Epoch 20; loss: 4.785367488861084; WER: 0.5727366209030151; val_loss: 21.050125122070312; val_WER: 0.9979402422904968
2024-02-19 14:28:21,977 - root - INFO - Epoch 21; loss: 4.696330547332764; WER: 0.5677005648612976; val_loss: 15.235395431518555; val_WER: 0.9840371012687683
2024-02-19 14:29:17,346 - root - INFO - Epoch 22; loss: 4.61856746673584; WER: 0.5612910389900208; val_loss: 18.023754119873047; val_WER: 0.9953656196594238
2024-02-19 14:30:11,880 - root - INFO - Epoch 23; loss: 4.525461196899414; WER: 0.5531647205352783; val_loss: 4.918682098388672; val_WER: 0.5926879644393921
2024-02-19 14:31:06,309 - root - INFO - Epoch 24; loss: 4.4564642906188965; WER: 0.5448094606399536; val_loss: 5.1542558670043945; val_WER: 0.6235839128494263
2024-02-19 14:32:01,146 - root - INFO - Epoch 25; loss: 4.380038261413574; WER: 0.5345084071159363; val_loss: 5.4050517082214355; val_WER: 0.6714727282524109
2024-02-19 14:32:56,499 - root - INFO - Epoch 26; loss: 4.2902021408081055; WER: 0.5324482321739197; val_loss: 4.846894264221191; val_WER: 0.6076210141181946
2024-02-19 14:33:52,616 - root - INFO - Epoch 27; loss: 4.207714080810547; WER: 0.5207164883613586; val_loss: 4.885279655456543; val_WER: 0.5710607767105103
2024-02-19 14:34:48,406 - root - INFO - Epoch 28; loss: 4.165204048156738; WER: 0.5216321349143982; val_loss: 4.664875030517578; val_WER: 0.5473738312721252
2024-02-19 14:35:43,536 - root - INFO - Epoch 29; loss: 4.104876518249512; WER: 0.5155659914016724; val_loss: 4.731383800506592; val_WER: 0.5777549147605896
2024-02-19 14:36:38,373 - root - INFO - Epoch 30; loss: 4.025130271911621; WER: 0.5050360560417175; val_loss: 5.249139308929443; val_WER: 0.6673532724380493
2024-02-19 14:37:33,445 - root - INFO - Epoch 31; loss: 3.9835829734802246; WER: 0.5038342475891113; val_loss: 5.202036380767822; val_WER: 0.6483007073402405
2024-02-19 14:38:28,269 - root - INFO - Epoch 32; loss: 3.916585922241211; WER: 0.4979970157146454; val_loss: 21.11911392211914; val_WER: 0.996395468711853
2024-02-19 14:39:23,237 - root - INFO - Epoch 33; loss: 3.859081506729126; WER: 0.49050018191337585; val_loss: 4.891570568084717; val_WER: 0.5932028889656067
2024-02-19 14:40:18,170 - root - INFO - Epoch 34; loss: 3.8196353912353516; WER: 0.4895845353603363; val_loss: 10.351601600646973; val_WER: 0.9279093742370605
2024-02-19 14:41:12,905 - root - INFO - Epoch 35; loss: 3.7629268169403076; WER: 0.49009957909584045; val_loss: 5.965884685516357; val_WER: 0.7420185208320618
2024-02-19 14:42:08,511 - root - INFO - Epoch 36; loss: 3.719968557357788; WER: 0.48111480474472046; val_loss: 4.409616947174072; val_WER: 0.520082414150238
2024-02-19 14:43:03,734 - root - INFO - Epoch 37; loss: 3.688873052597046; WER: 0.4785395562648773; val_loss: 5.560117244720459; val_WER: 0.6725025773048401
2024-02-19 14:43:59,406 - root - INFO - Epoch 38; loss: 3.635479211807251; WER: 0.4718438684940338; val_loss: 4.252357482910156; val_WER: 0.4891864061355591
2024-02-19 14:44:54,665 - root - INFO - Epoch 39; loss: 3.5803823471069336; WER: 0.4669795036315918; val_loss: 26.773685455322266; val_WER: 0.9974253177642822
2024-02-19 14:45:49,753 - root - INFO - Epoch 40; loss: 3.5225651264190674; WER: 0.46520546078681946; val_loss: 4.333339214324951; val_WER: 0.4989701211452484
2024-02-19 14:46:44,639 - root - INFO - Epoch 41; loss: 3.5175364017486572; WER: 0.4626874327659607; val_loss: 21.674766540527344; val_WER: 0.9943357110023499
2024-02-19 14:47:40,270 - root - INFO - Epoch 42; loss: 3.4710195064544678; WER: 0.456792950630188; val_loss: 5.272943019866943; val_WER: 0.6539649963378906
2024-02-19 14:48:35,062 - root - INFO - Epoch 43; loss: 3.4525954723358154; WER: 0.4551333487033844; val_loss: 27.922588348388672; val_WER: 0.9989701509475708
2024-02-19 14:49:29,959 - root - INFO - Epoch 44; loss: 3.399864435195923; WER: 0.4530731439590454; val_loss: 7.441740989685059; val_WER: 0.8377960920333862
2024-02-19 14:50:24,881 - root - INFO - Epoch 45; loss: 3.3796260356903076; WER: 0.44832322001457214; val_loss: 4.492730617523193; val_WER: 0.5406796932220459
2024-02-19 14:51:20,045 - root - INFO - Epoch 46; loss: 3.3377175331115723; WER: 0.4432871639728546; val_loss: 4.239782333374023; val_WER: 0.5360453128814697
2024-02-19 14:52:16,006 - root - INFO - Epoch 47; loss: 3.3107805252075195; WER: 0.4383655786514282; val_loss: 4.145192623138428; val_WER: 0.49227601289749146
2024-02-19 14:53:12,029 - root - INFO - Epoch 48; loss: 3.2603607177734375; WER: 0.4378505349159241; val_loss: 23.44118881225586; val_WER: 0.996395468711853
2024-02-19 14:54:07,184 - root - INFO - Epoch 49; loss: 3.206434965133667; WER: 0.43258556723594666; val_loss: 12.19432258605957; val_WER: 0.9593203067779541
2024-02-19 14:55:02,264 - root - INFO - Epoch 50; loss: 3.141706705093384; WER: 0.42423027753829956; val_loss: 20.741121292114258; val_WER: 0.9912461638450623
2024-02-19 14:55:57,440 - root - INFO - Epoch 51; loss: 3.1295242309570312; WER: 0.4217122495174408; val_loss: 4.2113518714904785; val_WER: 0.5020597577095032
2024-02-19 14:56:52,253 - root - INFO - Epoch 52; loss: 3.09796404838562; WER: 0.42302849888801575; val_loss: 10.322250366210938; val_WER: 0.9057672619819641
2024-02-19 14:57:48,273 - root - INFO - Epoch 53; loss: 3.066072702407837; WER: 0.4186791777610779; val_loss: 4.096846103668213; val_WER: 0.4711637496948242
2024-02-19 14:58:43,675 - root - INFO - Epoch 54; loss: 3.0630111694335938; WER: 0.4169623553752899; val_loss: 4.744002342224121; val_WER: 0.5751802325248718
2024-02-19 14:59:39,115 - root - INFO - Epoch 55; loss: 3.047076940536499; WER: 0.4141581654548645; val_loss: 4.965793609619141; val_WER: 0.60710608959198
2024-02-19 15:00:34,239 - root - INFO - Epoch 56; loss: 3.0044209957122803; WER: 0.4124985635280609; val_loss: 6.381057262420654; val_WER: 0.7255406975746155
2024-02-19 15:01:29,330 - root - INFO - Epoch 57; loss: 2.989159107208252; WER: 0.4067757725715637; val_loss: 6.427155494689941; val_WER: 0.7456230521202087
2024-02-19 15:02:25,153 - root - INFO - Epoch 58; loss: 2.9710381031036377; WER: 0.40689024329185486; val_loss: 4.193244934082031; val_WER: 0.49124613404273987
2024-02-19 15:04:08,972 - root - INFO - Epoch 59; loss: 2.9383857250213623; WER: 0.4078058898448944; val_loss: 4.321630477905273; val_WER: 0.5051493048667908
2024-02-19 15:05:04,908 - root - INFO - Epoch 60; loss: 2.9251017570495605; WER: 0.39893555641174316; val_loss: 12.776958465576172; val_WER: 0.9505664110183716
2024-02-19 15:06:02,112 - root - INFO - Epoch 61; loss: 2.8889288902282715; WER: 0.40328487753868103; val_loss: 18.065608978271484; val_WER: 0.9819773435592651
2024-02-19 15:07:01,530 - root - INFO - Epoch 62; loss: 2.8995110988616943; WER: 0.3972759544849396; val_loss: 4.801039218902588; val_WER: 0.5777549147605896
2024-02-19 15:08:02,074 - root - INFO - Epoch 63; loss: 2.85646653175354; WER: 0.3985922038555145; val_loss: 4.910466194152832; val_WER: 0.5756951570510864
2024-02-19 15:09:03,024 - root - INFO - Epoch 64; loss: 2.7671689987182617; WER: 0.38811948895454407; val_loss: 4.086529731750488; val_WER: 0.476828008890152
2024-02-19 15:09:58,433 - root - INFO - Epoch 65; loss: 2.7556838989257812; WER: 0.3868032395839691; val_loss: 3.9389278888702393; val_WER: 0.45365601778030396
2024-02-19 15:10:53,377 - root - INFO - Epoch 66; loss: 2.7442474365234375; WER: 0.3848002851009369; val_loss: 14.850034713745117; val_WER: 0.9629248380661011
2024-02-19 15:11:48,561 - root - INFO - Epoch 67; loss: 2.7206289768218994; WER: 0.3833695650100708; val_loss: 4.259047508239746; val_WER: 0.46601441502571106
2024-02-19 15:12:43,332 - root - INFO - Epoch 68; loss: 2.6734635829925537; WER: 0.38205334544181824; val_loss: 11.496607780456543; val_WER: 0.9227600693702698
2024-02-19 15:13:37,873 - root - INFO - Epoch 69; loss: 2.691889524459839; WER: 0.3799358904361725; val_loss: 15.041988372802734; val_WER: 0.9660144448280334
2024-02-19 15:14:32,926 - root - INFO - Epoch 70; loss: 2.67618465423584; WER: 0.37896302342414856; val_loss: 29.107467651367188; val_WER: 0.9979402422904968
2024-02-19 15:15:27,637 - root - INFO - Epoch 71; loss: 2.6409125328063965; WER: 0.3748426139354706; val_loss: 18.241641998291016; val_WER: 0.9840371012687683
2024-02-19 15:16:22,352 - root - INFO - Epoch 72; loss: 2.6472480297088623; WER: 0.3786196708679199; val_loss: 3.9186787605285645; val_WER: 0.4634397625923157
2024-02-19 15:17:17,895 - root - INFO - Epoch 73; loss: 2.6059980392456055; WER: 0.3708938956260681; val_loss: 3.927593231201172; val_WER: 0.45262616872787476
2024-02-19 15:18:14,129 - root - INFO - Epoch 74; loss: 2.6041433811187744; WER: 0.3727251887321472; val_loss: 3.686152458190918; val_WER: 0.4207003116607666
2024-02-19 15:19:09,789 - root - INFO - Epoch 75; loss: 2.583179235458374; WER: 0.36940598487854004; val_loss: 3.994389057159424; val_WER: 0.4438723027706146
2024-02-19 15:20:04,940 - root - INFO - Epoch 76; loss: 2.5776758193969727; WER: 0.3668307065963745; val_loss: 29.934633255004883; val_WER: 0.996395468711853
2024-02-19 15:20:59,206 - root - INFO - Epoch 77; loss: 2.556805372238159; WER: 0.36362597346305847; val_loss: 5.523099422454834; val_WER: 0.656024694442749
2024-02-19 15:21:53,869 - root - INFO - Epoch 78; loss: 2.5506443977355957; WER: 0.36591506004333496; val_loss: 30.796377182006836; val_WER: 0.9989701509475708
2024-02-19 15:22:48,927 - root - INFO - Epoch 79; loss: 2.5357930660247803; WER: 0.36425545811653137; val_loss: 30.470073699951172; val_WER: 0.9989701509475708
2024-02-19 15:23:44,002 - root - INFO - Epoch 80; loss: 2.5043506622314453; WER: 0.3623097240924835; val_loss: 4.640752792358398; val_WER: 0.5550978183746338
2024-02-19 15:24:38,299 - root - INFO - Epoch 81; loss: 2.5159847736358643; WER: 0.36082178354263306; val_loss: 4.543879985809326; val_WER: 0.5231719613075256
2024-02-19 15:25:32,644 - root - INFO - Epoch 82; loss: 2.464038610458374; WER: 0.354870080947876; val_loss: 23.279010772705078; val_WER: 0.9933058619499207
2024-02-19 15:26:27,141 - root - INFO - Epoch 83; loss: 2.4923417568206787; WER: 0.36002060770988464; val_loss: 7.518184661865234; val_WER: 0.7790937423706055
2024-02-19 15:27:21,831 - root - INFO - Epoch 84; loss: 2.4510178565979004; WER: 0.3533249497413635; val_loss: 3.7925333976745605; val_WER: 0.4253346920013428
2024-02-19 15:28:16,058 - root - INFO - Epoch 85; loss: 2.410839080810547; WER: 0.3535538613796234; val_loss: 4.1141438484191895; val_WER: 0.4830072224140167
2024-02-19 15:29:11,610 - root - INFO - Epoch 86; loss: 2.3986053466796875; WER: 0.3502918481826782; val_loss: 5.130228042602539; val_WER: 0.6112255454063416
2024-02-19 15:30:06,021 - root - INFO - Epoch 87; loss: 2.3777072429656982; WER: 0.34834611415863037; val_loss: 6.722804069519043; val_WER: 0.7306900024414062
2024-02-19 15:31:01,096 - root - INFO - Epoch 88; loss: 2.366101026535034; WER: 0.34537026286125183; val_loss: 4.232631206512451; val_WER: 0.4897013306617737
2024-02-19 15:31:56,285 - root - INFO - Epoch 89; loss: 2.3479413986206055; WER: 0.3429667055606842; val_loss: 3.8101489543914795; val_WER: 0.4222451150417328
2024-02-19 15:32:51,575 - root - INFO - Epoch 90; loss: 2.365535020828247; WER: 0.3450269103050232; val_loss: 4.821652889251709; val_WER: 0.5823892951011658
2024-02-19 15:33:46,714 - root - INFO - Epoch 91; loss: 2.3176708221435547; WER: 0.34393957257270813; val_loss: 4.789859294891357; val_WER: 0.5674562454223633
2024-02-19 15:34:43,228 - root - INFO - Epoch 92; loss: 2.2878878116607666; WER: 0.3330090343952179; val_loss: 3.7327494621276855; val_WER: 0.41709578037261963
2024-02-19 15:35:39,244 - root - INFO - Epoch 93; loss: 2.320990800857544; WER: 0.3419938087463379; val_loss: 4.121092796325684; val_WER: 0.48043254017829895
2024-02-19 15:36:34,299 - root - INFO - Epoch 94; loss: 2.2896976470947266; WER: 0.3385601341724396; val_loss: 4.18736457824707; val_WER: 0.4773429334163666
2024-02-19 15:37:29,077 - root - INFO - Epoch 95; loss: 2.293133020401001; WER: 0.3379306495189667; val_loss: 30.491043090820312; val_WER: 0.9974253177642822
2024-02-19 15:38:23,446 - root - INFO - Epoch 96; loss: 2.282306432723999; WER: 0.3346686363220215; val_loss: 4.473881244659424; val_WER: 0.5154479742050171
2024-02-19 15:39:18,507 - root - INFO - Epoch 97; loss: 2.241044044494629; WER: 0.3340391516685486; val_loss: 22.49933624267578; val_WER: 0.9871266484260559
2024-02-19 15:40:13,873 - root - INFO - Epoch 98; loss: 2.2341105937957764; WER: 0.332780122756958; val_loss: 3.908097267150879; val_WER: 0.4443872272968292
2024-02-19 15:41:09,843 - root - INFO - Epoch 99; loss: 2.2132599353790283; WER: 0.33169281482696533; val_loss: 3.769840717315674; val_WER: 0.4104016423225403
2024-02-19 15:42:04,681 - root - INFO - Epoch 100; loss: 2.2266345024108887; WER: 0.3318072557449341; val_loss: 3.939516305923462; val_WER: 0.4433573782444
2024-02-19 15:42:59,303 - root - INFO - Epoch 101; loss: 2.242946147918701; WER: 0.33163556456565857; val_loss: 10.159460067749023; val_WER: 0.8712667226791382
2024-02-19 15:43:53,558 - root - INFO - Epoch 102; loss: 2.225489616394043; WER: 0.33060547709465027; val_loss: 3.8855345249176025; val_WER: 0.423789918422699
2024-02-19 15:44:48,563 - root - INFO - Epoch 103; loss: 2.179410696029663; WER: 0.32843080163002014; val_loss: 4.0499420166015625; val_WER: 0.45365601778030396
2024-02-19 15:45:43,683 - root - INFO - Epoch 104; loss: 2.1966137886047363; WER: 0.3276868462562561; val_loss: 8.004228591918945; val_WER: 0.7852728962898254
2024-02-19 15:46:38,791 - root - INFO - Epoch 105; loss: 2.1779026985168457; WER: 0.33203616738319397; val_loss: 3.7044119834899902; val_WER: 0.41606590151786804
2024-02-19 15:47:34,041 - root - INFO - Epoch 106; loss: 2.1812851428985596; WER: 0.3243676424026489; val_loss: 3.9877712726593018; val_WER: 0.44644695520401
2024-02-19 15:48:28,685 - root - INFO - Epoch 107; loss: 2.174729108810425; WER: 0.32614168524742126; val_loss: 3.7299537658691406; val_WER: 0.41452109813690186
2024-02-19 15:49:23,721 - root - INFO - Epoch 108; loss: 2.183781862258911; WER: 0.3278585374355316; val_loss: 10.332236289978027; val_WER: 0.8800206184387207
2024-02-19 15:50:18,636 - root - INFO - Epoch 109; loss: 2.163846015930176; WER: 0.3271145820617676; val_loss: 3.8049275875091553; val_WER: 0.42893922328948975
2024-02-19 15:51:13,911 - root - INFO - Epoch 110; loss: 2.140127182006836; WER: 0.32001832127571106; val_loss: 29.917695999145508; val_WER: 0.9984552264213562
2024-02-19 15:52:10,183 - root - INFO - Epoch 111; loss: 2.1070241928100586; WER: 0.31595513224601746; val_loss: 3.6932265758514404; val_WER: 0.40319257974624634
2024-02-19 15:53:05,167 - root - INFO - Epoch 112; loss: 2.079768180847168; WER: 0.3126359283924103; val_loss: 3.841470956802368; val_WER: 0.4356333613395691
2024-02-19 15:54:00,663 - root - INFO - Epoch 113; loss: 2.087806224822998; WER: 0.3158979117870331; val_loss: 3.9516754150390625; val_WER: 0.4438723027706146
2024-02-19 15:54:56,117 - root - INFO - Epoch 114; loss: 2.077244758605957; WER: 0.3162985146045685; val_loss: 3.7211337089538574; val_WER: 0.41812562942504883
2024-02-19 15:55:50,914 - root - INFO - Epoch 115; loss: 2.0793046951293945; WER: 0.3111479878425598; val_loss: 3.869408130645752; val_WER: 0.41555097699165344
2024-02-19 15:56:47,948 - root - INFO - Epoch 116; loss: 2.0716748237609863; WER: 0.312006413936615; val_loss: 3.7661397457122803; val_WER: 0.40267765522003174
2024-02-19 15:57:42,609 - root - INFO - Epoch 117; loss: 2.067919969558716; WER: 0.3126359283924103; val_loss: 3.707165479660034; val_WER: 0.41194644570350647
2024-02-19 15:58:39,123 - root - INFO - Epoch 118; loss: 2.0488295555114746; WER: 0.31452444195747375; val_loss: 3.7824058532714844; val_WER: 0.40113285183906555
2024-02-19 15:59:34,131 - root - INFO - Epoch 119; loss: 2.0364296436309814; WER: 0.3069131374359131; val_loss: 11.37331771850586; val_WER: 0.9006178975105286
2024-02-19 16:00:28,936 - root - INFO - Epoch 120; loss: 2.0269484519958496; WER: 0.30840104818344116; val_loss: 3.767165184020996; val_WER: 0.42790937423706055
2024-02-19 16:01:23,921 - root - INFO - Epoch 121; loss: 2.034982204437256; WER: 0.3080576956272125; val_loss: 3.668297529220581; val_WER: 0.4057672619819641
2024-02-19 16:02:18,897 - root - INFO - Epoch 122; loss: 2.011113405227661; WER: 0.31006065011024475; val_loss: 29.945270538330078; val_WER: 0.9984552264213562
2024-02-19 16:03:13,996 - root - INFO - Epoch 123; loss: 1.9942684173583984; WER: 0.3069131374359131; val_loss: 27.877643585205078; val_WER: 0.9969103932380676
2024-02-19 16:04:08,820 - root - INFO - Epoch 124; loss: 1.9906655550003052; WER: 0.3042806386947632; val_loss: 3.768843173980713; val_WER: 0.42584964632987976
2024-02-19 16:05:02,994 - root - INFO - Epoch 125; loss: 1.9826937913894653; WER: 0.3057113289833069; val_loss: 3.7494146823883057; val_WER: 0.4104016423225403
2024-02-19 16:05:59,237 - root - INFO - Epoch 126; loss: 1.9824471473693848; WER: 0.307142049074173; val_loss: 3.7553091049194336; val_WER: 0.4062821865081787
2024-02-19 16:06:58,892 - root - INFO - Epoch 127; loss: 1.968599557876587; WER: 0.3003319203853607; val_loss: 3.830491542816162; val_WER: 0.4078269898891449
2024-02-19 16:07:59,552 - root - INFO - Epoch 128; loss: 1.965132713317871; WER: 0.3011331260204315; val_loss: 3.7600061893463135; val_WER: 0.40319257974624634
2024-02-19 16:08:59,023 - root - INFO - Epoch 129; loss: 1.9321039915084839; WER: 0.29598259925842285; val_loss: 4.144957542419434; val_WER: 0.45571574568748474
2024-02-19 16:09:56,982 - root - INFO - Epoch 130; loss: 1.9289201498031616; WER: 0.296097069978714; val_loss: 3.8049988746643066; val_WER: 0.4057672619819641
2024-02-19 16:10:52,650 - root - INFO - Epoch 131; loss: 1.9304399490356445; WER: 0.29432299733161926; val_loss: 4.011198043823242; val_WER: 0.4320288300514221
2024-02-19 16:11:46,754 - root - INFO - Epoch 132; loss: 1.9428175687789917; WER: 0.2981000244617462; val_loss: 3.948026180267334; val_WER: 0.45365601778030396
2024-02-19 16:12:40,848 - root - INFO - Epoch 133; loss: 1.8919435739517212; WER: 0.2934073507785797; val_loss: 3.854332208633423; val_WER: 0.41555097699165344
2024-02-19 16:13:35,112 - root - INFO - Epoch 134; loss: 1.890745759010315; WER: 0.29718437790870667; val_loss: 3.9662222862243652; val_WER: 0.41555097699165344
2024-02-19 16:14:29,157 - root - INFO - Epoch 135; loss: 1.8850804567337036; WER: 0.29289230704307556; val_loss: 3.9749093055725098; val_WER: 0.41606590151786804
2024-02-19 16:15:23,254 - root - INFO - Epoch 136; loss: 1.8914238214492798; WER: 0.2934073507785797; val_loss: 12.349906921386719; val_WER: 0.9093717932701111
2024-02-19 16:16:17,469 - root - INFO - Epoch 137; loss: 1.887327790260315; WER: 0.294036865234375; val_loss: 4.000050067901611; val_WER: 0.4325437545776367
2024-02-19 16:17:11,731 - root - INFO - Epoch 138; loss: 1.876114010810852; WER: 0.29232001304626465; val_loss: 3.819110631942749; val_WER: 0.4083419144153595
2024-02-19 16:17:13,696 - tf2onnx.tfonnx - INFO - Using tensorflow=2.15.0, onnx=1.15.0, tf2onnx=1.16.1/15c810
2024-02-19 16:17:13,696 - tf2onnx.tfonnx - INFO - Using opset <onnx, 15>
2024-02-19 16:17:13,809 - tf2onnx.tf_utils - INFO - Computed 0 values for constant folding
2024-02-19 16:17:13,815 - tf2onnx.tf_utils - INFO - Computed 0 values for constant folding
2024-02-19 16:17:13,821 - tf2onnx.tf_utils - INFO - Computed 0 values for constant folding
2024-02-19 16:17:13,824 - tf2onnx.tf_utils - INFO - Computed 0 values for constant folding
2024-02-19 16:17:13,869 - tf2onnx.tf_utils - INFO - Computed 2 values for constant folding
2024-02-19 16:17:13,949 - tf2onnx.tfonnx - INFO - folding node using tf type=StridedSlice, name=model/bidirectional/forward_lstm/PartitionedCall/strided_slice
2024-02-19 16:17:13,949 - tf2onnx.tfonnx - INFO - folding node using tf type=StridedSlice, name=model/bidirectional/backward_lstm/PartitionedCall/strided_slice
2024-02-19 16:17:14,079 - tf2onnx.optimizer - INFO - Optimizing ONNX model
2024-02-19 16:17:14,820 - tf2onnx.optimizer - INFO - After optimization: BatchNormalization -18 (18->0), Cast -4 (11->7), Concat -4 (10->6), Const -129 (192->63), Expand -3 (4->1), Gather +2 (2->4), Identity -2 (2->0), Shape -1 (4->3), Slice -1 (5->4), Squeeze -3 (5->2), Transpose -81 (85->4), Unsqueeze -14 (17->3)
