2024-02-03 21:36:47,648 - tensorflow - WARNING - From C:\Users\jball\anaconda3\envs\handwritingAI\Lib\site-packages\tf2onnx\tf_loader.py:68: The name tf.reset_default_graph is deprecated. Please use tf.compat.v1.reset_default_graph instead.

2024-02-03 21:36:47,905 - tensorflow - WARNING - From C:\Users\jball\anaconda3\envs\handwritingAI\Lib\site-packages\tf2onnx\tf_loader.py:72: The name tf.train.import_meta_graph is deprecated. Please use tf.compat.v1.train.import_meta_graph instead.

2024-02-03 21:36:50,649 - tensorflow - WARNING - From C:\Users\jball\anaconda3\envs\handwritingAI\Lib\site-packages\keras\src\utils\tf_utils.py:492: The name tf.ragged.RaggedTensorValue is deprecated. Please use tf.compat.v1.ragged.RaggedTensorValue instead.

2024-02-03 21:37:02,212 - tensorflow - WARNING - Callback method `on_train_batch_end` is slow compared to the batch time (batch time: 0.0460s vs `on_train_batch_end` time: 0.2743s). Check your callbacks.
2024-02-03 21:37:29,938 - root - INFO - Epoch 0; loss: 22.704364776611328; CER: 1.2015591859817505; WER: 1.0; val_loss: 20.43453598022461; val_CER: 1.0; val_WER: 1.0
2024-02-03 21:38:13,581 - root - INFO - Epoch 1; loss: 16.652387619018555; CER: 1.0; WER: 1.0; val_loss: 19.8603572845459; val_CER: 1.0; val_WER: 1.0
2024-02-03 21:38:44,048 - root - INFO - Epoch 2; loss: 16.404541015625; CER: 0.9999800324440002; WER: 1.0; val_loss: 19.30883026123047; val_CER: 1.0; val_WER: 1.0
2024-02-03 21:39:05,476 - root - INFO - Epoch 3; loss: 16.096351623535156; CER: 0.9986284375190735; WER: 1.0; val_loss: 18.418771743774414; val_CER: 0.996971845626831; val_WER: 1.0
2024-02-03 21:39:26,446 - root - INFO - Epoch 4; loss: 15.494832038879395; CER: 0.9670396447181702; WER: 0.9990040063858032; val_loss: 17.30970001220703; val_CER: 0.9490021467208862; val_WER: 1.0
2024-02-03 21:39:48,087 - root - INFO - Epoch 5; loss: 14.83780574798584; CER: 0.9025380611419678; WER: 0.9908366799354553; val_loss: 17.801464080810547; val_CER: 0.9219335317611694; val_WER: 1.0
2024-02-03 21:40:09,254 - root - INFO - Epoch 6; loss: 14.237290382385254; CER: 0.8599743843078613; WER: 0.984661340713501; val_loss: 14.015399932861328; val_CER: 0.8450753092765808; val_WER: 0.9856630563735962
2024-02-03 21:40:30,969 - root - INFO - Epoch 7; loss: 13.629349708557129; CER: 0.8154001235961914; WER: 0.9788844585418701; val_loss: 13.220352172851562; val_CER: 0.7898016571998596; val_WER: 0.9784946441650391
2024-02-03 21:40:51,924 - root - INFO - Epoch 8; loss: 13.054990768432617; CER: 0.7801975011825562; WER: 0.9772908091545105; val_loss: 12.73508071899414; val_CER: 0.7683919072151184; val_WER: 0.980286717414856
2024-02-03 21:41:13,739 - root - INFO - Epoch 9; loss: 12.551992416381836; CER: 0.744842529296875; WER: 0.9707171320915222; val_loss: 12.026060104370117; val_CER: 0.7182418704032898; val_WER: 0.9749103784561157
2024-02-03 21:41:35,441 - root - INFO - Epoch 10; loss: 12.087814331054688; CER: 0.7118222713470459; WER: 0.9645418524742126; val_loss: 11.503270149230957; val_CER: 0.6600489020347595; val_WER: 0.9534050226211548
2024-02-03 21:41:56,883 - root - INFO - Epoch 11; loss: 11.55930233001709; CER: 0.6856809854507446; WER: 0.9585657119750977; val_loss: 11.36795425415039; val_CER: 0.6408167481422424; val_WER: 0.9516128897666931
2024-02-03 21:42:17,901 - root - INFO - Epoch 12; loss: 11.121036529541016; CER: 0.6571897268295288; WER: 0.953585684299469; val_loss: 10.8035888671875; val_CER: 0.6447991728782654; val_WER: 0.9569892287254333
2024-02-03 21:42:39,353 - root - INFO - Epoch 13; loss: 10.64493179321289; CER: 0.6247607469558716; WER: 0.9444223046302795; val_loss: 10.397736549377441; val_CER: 0.607286810874939; val_WER: 0.9462365508079529
2024-02-03 21:43:00,822 - root - INFO - Epoch 14; loss: 10.030411720275879; CER: 0.5826510190963745; WER: 0.9241035580635071; val_loss: 9.356801986694336; val_CER: 0.5307227373123169; val_WER: 0.9121863842010498
2024-02-03 21:43:22,627 - root - INFO - Epoch 15; loss: 9.592912673950195; CER: 0.5494788289070129; WER: 0.9089641571044922; val_loss: 9.232035636901855; val_CER: 0.4792083501815796; val_WER: 0.8655914068222046
2024-02-03 21:43:44,360 - root - INFO - Epoch 16; loss: 9.083768844604492; CER: 0.5167839527130127; WER: 0.8942230939865112; val_loss: 8.798262596130371; val_CER: 0.4767819344997406; val_WER: 0.8655914068222046
2024-02-03 21:44:09,162 - root - INFO - Epoch 17; loss: 8.675119400024414; CER: 0.48708903789520264; WER: 0.8756971955299377; val_loss: 8.564227104187012; val_CER: 0.4549177587032318; val_WER: 0.8243727684020996
2024-02-03 21:44:55,441 - root - INFO - Epoch 18; loss: 8.334567070007324; CER: 0.46820268034935; WER: 0.8589641451835632; val_loss: 11.14261245727539; val_CER: 0.7340335249900818; val_WER: 0.9767025113105774
2024-02-03 21:45:36,477 - root - INFO - Epoch 19; loss: 8.014979362487793; CER: 0.4427284896373749; WER: 0.8374502062797546; val_loss: 7.25482177734375; val_CER: 0.39308351278305054; val_WER: 0.801075279712677
2024-02-03 21:46:13,302 - root - INFO - Epoch 20; loss: 7.623687267303467; CER: 0.42139819264411926; WER: 0.8312749266624451; val_loss: 9.031089782714844; val_CER: 0.5764394402503967; val_WER: 0.9068100452423096
2024-02-03 21:46:55,284 - root - INFO - Epoch 21; loss: 7.356769561767578; CER: 0.41075098514556885; WER: 0.8155378699302673; val_loss: 10.224233627319336; val_CER: 0.7313145995140076; val_WER: 0.9641577005386353
2024-02-03 21:47:16,438 - root - INFO - Epoch 22; loss: 7.111021518707275; CER: 0.3963046371936798; WER: 0.8009960055351257; val_loss: 10.840685844421387; val_CER: 0.7591078281402588; val_WER: 0.9677419066429138
2024-02-03 21:47:38,168 - root - INFO - Epoch 23; loss: 6.843851089477539; CER: 0.379032701253891; WER: 0.7892430424690247; val_loss: 6.764865875244141; val_CER: 0.3640611469745636; val_WER: 0.7688171863555908
2024-02-03 21:47:59,270 - root - INFO - Epoch 24; loss: 6.5732741355896; CER: 0.35997793078422546; WER: 0.7643426060676575; val_loss: 7.494380474090576; val_CER: 0.44326940178871155; val_WER: 0.8297491073608398
2024-02-03 21:48:20,740 - root - INFO - Epoch 25; loss: 6.3605804443359375; CER: 0.3476704955101013; WER: 0.7535856366157532; val_loss: 9.405303955078125; val_CER: 0.6241464614868164; val_WER: 0.9372760057449341
2024-02-03 21:48:37,376 - root - INFO - Epoch 26; loss: 6.251748561859131; CER: 0.33898332715034485; WER: 0.7428286671638489; val_loss: 6.797163486480713; val_CER: 0.3911493718624115; val_WER: 0.7562723755836487
2024-02-03 21:49:17,586 - root - INFO - Epoch 27; loss: 6.013429164886475; CER: 0.3250676691532135; WER: 0.7249004244804382; val_loss: 8.7944974899292; val_CER: 0.6000491976737976; val_WER: 0.9193548560142517
2024-02-03 21:49:57,624 - root - INFO - Epoch 28; loss: 5.8888959884643555; CER: 0.32364439964294434; WER: 0.7256972193717957; val_loss: 9.85010051727295; val_CER: 0.7288336753845215; val_WER: 0.9426523447036743
2024-02-03 21:50:42,363 - root - INFO - Epoch 29; loss: 5.689925193786621; CER: 0.3076068162918091; WER: 0.7069721221923828; val_loss: 10.81515884399414; val_CER: 0.8534578680992126; val_WER: 0.9551971554756165
2024-02-03 21:51:12,669 - root - INFO - Epoch 30; loss: 5.508135795593262; CER: 0.29730668663978577; WER: 0.695219099521637; val_loss: 6.49188756942749; val_CER: 0.3759506940841675; val_WER: 0.7724014520645142
2024-02-03 21:51:52,967 - root - INFO - Epoch 31; loss: 5.352153301239014; CER: 0.2952696979045868; WER: 0.6852589845657349; val_loss: 8.568746566772461; val_CER: 0.566098690032959; val_WER: 0.9032257795333862
2024-02-03 21:52:34,098 - root - INFO - Epoch 32; loss: 5.259156703948975; CER: 0.2837103009223938; WER: 0.6745020151138306; val_loss: 6.416499614715576; val_CER: 0.35178419947624207; val_WER: 0.7204301357269287
2024-02-03 21:53:14,680 - root - INFO - Epoch 33; loss: 5.1437602043151855; CER: 0.2801375687122345; WER: 0.6673306822776794; val_loss: 11.46342658996582; val_CER: 0.9011474251747131; val_WER: 0.9677419066429138
2024-02-03 21:54:00,059 - root - INFO - Epoch 34; loss: 4.991090774536133; CER: 0.264359712600708; WER: 0.6430279016494751; val_loss: 5.886357307434082; val_CER: 0.3183777928352356; val_WER: 0.6917562484741211
2024-02-03 21:54:40,320 - root - INFO - Epoch 35; loss: 4.800756931304932; CER: 0.2608475387096405; WER: 0.638247013092041; val_loss: 16.86872100830078; val_CER: 1.1348176002502441; val_WER: 0.9964157938957214
2024-02-03 21:55:20,161 - root - INFO - Epoch 36; loss: 4.803720474243164; CER: 0.25993117690086365; WER: 0.6404382586479187; val_loss: 6.288040637969971; val_CER: 0.35871049761772156; val_WER: 0.7204301357269287
2024-02-03 21:55:59,884 - root - INFO - Epoch 37; loss: 4.6726393699646; CER: 0.2514784634113312; WER: 0.6264940500259399; val_loss: 7.731955051422119; val_CER: 0.4633597731590271; val_WER: 0.8100358247756958
2024-02-03 21:56:35,225 - root - INFO - Epoch 38; loss: 4.55558443069458; CER: 0.24516509473323822; WER: 0.6199203133583069; val_loss: 7.672600746154785; val_CER: 0.4872272312641144; val_WER: 0.8351254463195801
2024-02-03 21:57:16,907 - root - INFO - Epoch 39; loss: 4.395488739013672; CER: 0.24244844913482666; WER: 0.6149402260780334; val_loss: 6.770869255065918; val_CER: 0.39503151178359985; val_WER: 0.7652329802513123
2024-02-03 21:57:52,201 - root - INFO - Epoch 40; loss: 4.359492778778076; CER: 0.2339894324541092; WER: 0.5968127250671387; val_loss: 6.102698802947998; val_CER: 0.33719009160995483; val_WER: 0.7078853249549866
2024-02-03 21:58:25,842 - root - INFO - Epoch 41; loss: 4.252983093261719; CER: 0.22775080800056458; WER: 0.5874502062797546; val_loss: 6.62436056137085; val_CER: 0.41661378741264343; val_WER: 0.7652329802513123
2024-02-03 21:59:01,125 - root - INFO - Epoch 42; loss: 4.163433074951172; CER: 0.2250775247812271; WER: 0.5898406505584717; val_loss: 6.319423675537109; val_CER: 0.37052544951438904; val_WER: 0.7329748868942261
2024-02-03 21:59:42,186 - root - INFO - Epoch 43; loss: 4.111265659332275; CER: 0.22198687493801117; WER: 0.5812749266624451; val_loss: 5.4889750480651855; val_CER: 0.30956777930259705; val_WER: 0.6810035705566406
2024-02-03 22:00:28,986 - root - INFO - Epoch 44; loss: 4.063035488128662; CER: 0.21677462756633759; WER: 0.5762948393821716; val_loss: 5.725042819976807; val_CER: 0.2856487035751343; val_WER: 0.6344085931777954
2024-02-03 22:00:55,143 - root - INFO - Epoch 45; loss: 3.9431021213531494; CER: 0.2124420553445816; WER: 0.5737051963806152; val_loss: 8.492692947387695; val_CER: 0.5209970474243164; val_WER: 0.8530465960502625
2024-02-03 22:01:32,642 - root - INFO - Epoch 46; loss: 3.8410377502441406; CER: 0.20927195250988007; WER: 0.5565736889839172; val_loss: 12.005809783935547; val_CER: 0.8289974331855774; val_WER: 0.9605734944343567
2024-02-03 22:01:55,140 - root - INFO - Epoch 47; loss: 3.7807769775390625; CER: 0.20224973559379578; WER: 0.5567728877067566; val_loss: 9.366124153137207; val_CER: 0.7174922227859497; val_WER: 0.8870967626571655
2024-02-03 22:02:17,320 - root - INFO - Epoch 48; loss: 3.6680586338043213; CER: 0.19789913296699524; WER: 0.538844645023346; val_loss: 10.65262508392334; val_CER: 0.7769125699996948; val_WER: 0.91756272315979
2024-02-03 22:02:38,053 - root - INFO - Epoch 49; loss: 3.623948574066162; CER: 0.19077494740486145; WER: 0.5296812653541565; val_loss: 8.274672508239746; val_CER: 0.5057003498077393; val_WER: 0.8261649012565613
2024-02-03 22:02:58,404 - root - INFO - Epoch 50; loss: 3.604736566543579; CER: 0.18734510242938995; WER: 0.5227091908454895; val_loss: 6.692225933074951; val_CER: 0.3983493745326996; val_WER: 0.7455196976661682
2024-02-03 22:03:19,281 - root - INFO - Epoch 51; loss: 3.5708415508270264; CER: 0.19261184334754944; WER: 0.5332669615745544; val_loss: 5.0717997550964355; val_CER: 0.25648611783981323; val_WER: 0.5842294096946716
2024-02-03 22:03:40,262 - root - INFO - Epoch 52; loss: 3.464813709259033; CER: 0.19092190265655518; WER: 0.5219123363494873; val_loss: 5.458535671234131; val_CER: 0.27064377069473267; val_WER: 0.6146953701972961
2024-02-03 22:04:01,478 - root - INFO - Epoch 53; loss: 3.4101784229278564; CER: 0.1849876046180725; WER: 0.5203187465667725; val_loss: 4.8337507247924805; val_CER: 0.2288607507944107; val_WER: 0.5591397881507874
2024-02-03 22:04:40,833 - root - INFO - Epoch 54; loss: 3.410843849182129; CER: 0.1821325272321701; WER: 0.5053784847259521; val_loss: 5.383076190948486; val_CER: 0.28193050622940063; val_WER: 0.6290322542190552
2024-02-03 22:05:21,040 - root - INFO - Epoch 55; loss: 3.333786964416504; CER: 0.18199962377548218; WER: 0.5095617771148682; val_loss: 4.968644142150879; val_CER: 0.24701422452926636; val_WER: 0.5716845989227295
2024-02-03 22:06:00,573 - root - INFO - Epoch 56; loss: 3.268670082092285; CER: 0.17434030771255493; WER: 0.5015936493873596; val_loss: 11.035900115966797; val_CER: 0.8405704498291016; val_WER: 0.9301075339317322
2024-02-03 22:06:46,549 - root - INFO - Epoch 57; loss: 3.179229974746704; CER: 0.1730366200208664; WER: 0.4992031753063202; val_loss: 5.814100742340088; val_CER: 0.311783105134964; val_WER: 0.6451612710952759
2024-02-03 22:07:26,075 - root - INFO - Epoch 58; loss: 3.095179319381714; CER: 0.1701391488313675; WER: 0.4906374514102936; val_loss: 5.379925727844238; val_CER: 0.2694058120250702; val_WER: 0.6075268983840942
2024-02-03 22:08:06,219 - root - INFO - Epoch 59; loss: 3.1233320236206055; CER: 0.17004245519638062; WER: 0.49501991271972656; val_loss: 4.6340155601501465; val_CER: 0.22499723732471466; val_WER: 0.5376344323158264
2024-02-03 22:08:46,115 - root - INFO - Epoch 60; loss: 3.0642478466033936; CER: 0.1656457930803299; WER: 0.4828685224056244; val_loss: 5.503178596496582; val_CER: 0.27834901213645935; val_WER: 0.6254480481147766
2024-02-03 22:09:26,359 - root - INFO - Epoch 61; loss: 2.9771058559417725; CER: 0.1585933119058609; WER: 0.4631474018096924; val_loss: 4.717266082763672; val_CER: 0.22228063642978668; val_WER: 0.5358422994613647
2024-02-03 22:10:06,302 - root - INFO - Epoch 62; loss: 2.948939323425293; CER: 0.1586064249277115; WER: 0.4711155295372009; val_loss: 5.085300922393799; val_CER: 0.23920945823192596; val_WER: 0.5627239942550659
2024-02-03 22:10:29,085 - root - INFO - Epoch 63; loss: 2.929924964904785; CER: 0.15648719668388367; WER: 0.4579681158065796; val_loss: 4.9370436668396; val_CER: 0.23383812606334686; val_WER: 0.5555555820465088
2024-02-03 22:11:08,534 - root - INFO - Epoch 64; loss: 2.9757320880889893; CER: 0.1585552841424942; WER: 0.4687250852584839; val_loss: 6.142021179199219; val_CER: 0.37122011184692383; val_WER: 0.7078853249549866
2024-02-03 22:11:53,891 - root - INFO - Epoch 65; loss: 2.864689588546753; CER: 0.1560453176498413; WER: 0.4639442265033722; val_loss: 7.434913158416748; val_CER: 0.478769451379776; val_WER: 0.8028674125671387
2024-02-03 22:12:33,744 - root - INFO - Epoch 66; loss: 2.8151142597198486; CER: 0.15229517221450806; WER: 0.4553784728050232; val_loss: 5.417257308959961; val_CER: 0.2635282576084137; val_WER: 0.5913978219032288
2024-02-03 22:13:14,648 - root - INFO - Epoch 67; loss: 2.808934450149536; CER: 0.15043742954730988; WER: 0.44999998807907104; val_loss: 4.583355903625488; val_CER: 0.21585406363010406; val_WER: 0.519713282585144
2024-02-03 22:13:54,241 - root - INFO - Epoch 68; loss: 2.6780242919921875; CER: 0.14060230553150177; WER: 0.42549800872802734; val_loss: 4.482306480407715; val_CER: 0.21614430844783783; val_WER: 0.5179211497306824
2024-02-03 22:14:20,336 - root - INFO - Epoch 69; loss: 2.6847081184387207; CER: 0.14177386462688446; WER: 0.42729082703590393; val_loss: 4.813623905181885; val_CER: 0.22382976114749908; val_WER: 0.5448028445243835
2024-02-03 22:14:41,040 - root - INFO - Epoch 70; loss: 2.6681857109069824; CER: 0.1405126452445984; WER: 0.43067729473114014; val_loss: 4.9477152824401855; val_CER: 0.23131154477596283; val_WER: 0.5627239942550659
2024-02-03 22:15:02,512 - root - INFO - Epoch 71; loss: 2.611391544342041; CER: 0.14463387429714203; WER: 0.4342629611492157; val_loss: 4.7043867111206055; val_CER: 0.21343161165714264; val_WER: 0.5304659605026245
2024-02-03 22:15:23,884 - root - INFO - Epoch 72; loss: 2.5855493545532227; CER: 0.14198461174964905; WER: 0.4302788972854614; val_loss: 5.352127552032471; val_CER: 0.26791685819625854; val_WER: 0.5931899547576904
2024-02-03 22:15:44,476 - root - INFO - Epoch 73; loss: 2.5510735511779785; CER: 0.13931049406528473; WER: 0.4249004125595093; val_loss: 8.073844909667969; val_CER: 0.5135295987129211; val_WER: 0.815412163734436
2024-02-03 22:16:04,866 - root - INFO - Epoch 74; loss: 2.5421881675720215; CER: 0.13854964077472687; WER: 0.42111554741859436; val_loss: 8.408737182617188; val_CER: 0.561396598815918; val_WER: 0.815412163734436
2024-02-03 22:16:25,666 - root - INFO - Epoch 75; loss: 2.4606289863586426; CER: 0.1331373155117035; WER: 0.41175299882888794; val_loss: 4.757814884185791; val_CER: 0.21352222561836243; val_WER: 0.5125448107719421
2024-02-03 22:16:45,689 - root - INFO - Epoch 76; loss: 2.501619338989258; CER: 0.13388249278068542; WER: 0.41254979372024536; val_loss: 11.646629333496094; val_CER: 0.8029931783676147; val_WER: 0.9336917400360107
2024-02-03 22:17:05,571 - root - INFO - Epoch 77; loss: 2.4582924842834473; CER: 0.13363179564476013; WER: 0.4161354601383209; val_loss: 11.72879695892334; val_CER: 0.7341713309288025; val_WER: 0.9354838728904724
2024-02-03 22:17:26,655 - root - INFO - Epoch 78; loss: 2.426002025604248; CER: 0.13163414597511292; WER: 0.4093625545501709; val_loss: 4.90824031829834; val_CER: 0.21588224172592163; val_WER: 0.519713282585144
2024-02-03 22:17:47,301 - root - INFO - Epoch 79; loss: 2.387784004211426; CER: 0.12873528897762299; WER: 0.3982071578502655; val_loss: 4.504425048828125; val_CER: 0.22093231976032257; val_WER: 0.519713282585144
2024-02-03 22:18:08,553 - root - INFO - Epoch 80; loss: 2.3282065391540527; CER: 0.12411190569400787; WER: 0.3952191174030304; val_loss: 14.842802047729492; val_CER: 0.8552388548851013; val_WER: 0.9731183052062988
2024-02-03 22:18:29,213 - root - INFO - Epoch 81; loss: 2.27559232711792; CER: 0.12368127703666687; WER: 0.4000000059604645; val_loss: 6.770480632781982; val_CER: 0.34080183506011963; val_WER: 0.7007168531417847
2024-02-03 22:18:51,002 - root - INFO - Epoch 82; loss: 2.2527241706848145; CER: 0.12282849848270416; WER: 0.3900398313999176; val_loss: 4.423919200897217; val_CER: 0.19287875294685364; val_WER: 0.4820788502693176
2024-02-03 22:19:12,408 - root - INFO - Epoch 83; loss: 2.1916937828063965; CER: 0.11481843888759613; WER: 0.3669322729110718; val_loss: 4.73453426361084; val_CER: 0.21579572558403015; val_WER: 0.5268816947937012
2024-02-03 22:19:33,049 - root - INFO - Epoch 84; loss: 2.20758056640625; CER: 0.11587243527173996; WER: 0.37390437722206116; val_loss: 4.802460193634033; val_CER: 0.2304719239473343; val_WER: 0.5268816947937012
2024-02-03 22:19:53,952 - root - INFO - Epoch 85; loss: 2.108640670776367; CER: 0.11569470167160034; WER: 0.3667330741882324; val_loss: 5.088037014007568; val_CER: 0.23388560116291046; val_WER: 0.5340501666069031
2024-02-03 22:20:14,947 - root - INFO - Epoch 86; loss: 2.183580160140991; CER: 0.11734078079462051; WER: 0.37350597977638245; val_loss: 7.139213562011719; val_CER: 0.3891927897930145; val_WER: 0.7473118305206299
2024-02-03 22:20:35,880 - root - INFO - Epoch 87; loss: 2.066828727722168; CER: 0.11261153221130371; WER: 0.36972111463546753; val_loss: 7.415862083435059; val_CER: 0.36568963527679443; val_WER: 0.7114695310592651
2024-02-03 22:21:05,881 - root - INFO - Epoch 88; loss: 2.0846593379974365; CER: 0.1112748384475708; WER: 0.36972111463546753; val_loss: 4.869322299957275; val_CER: 0.22173282504081726; val_WER: 0.48745518922805786
2024-02-03 22:21:46,603 - root - INFO - Epoch 89; loss: 2.0634818077087402; CER: 0.11280108988285065; WER: 0.3643426299095154; val_loss: 4.238216876983643; val_CER: 0.1902184635400772; val_WER: 0.45519712567329407
2024-02-03 22:22:30,396 - root - INFO - Epoch 90; loss: 2.0316226482391357; CER: 0.10975789278745651; WER: 0.3577689230442047; val_loss: 4.720034122467041; val_CER: 0.20669473707675934; val_WER: 0.49641576409339905
2024-02-03 22:22:47,301 - root - INFO - Epoch 91; loss: 2.0257375240325928; CER: 0.10858623683452606; WER: 0.355577677488327; val_loss: 4.950507164001465; val_CER: 0.2099483162164688; val_WER: 0.5286738276481628
2024-02-03 22:23:27,351 - root - INFO - Epoch 92; loss: 2.0203495025634766; CER: 0.1134166494011879; WER: 0.36235058307647705; val_loss: 5.631665229797363; val_CER: 0.2820800244808197; val_WER: 0.6003584265708923
2024-02-03 22:24:07,264 - root - INFO - Epoch 93; loss: 2.00071120262146; CER: 0.10774791240692139; WER: 0.3513944149017334; val_loss: 4.810479640960693; val_CER: 0.22012558579444885; val_WER: 0.5215053558349609
2024-02-03 22:24:47,422 - root - INFO - Epoch 94; loss: 2.018191337585449; CER: 0.10586349666118622; WER: 0.35239043831825256; val_loss: 5.4757585525512695; val_CER: 0.26883938908576965; val_WER: 0.5752688050270081
2024-02-03 22:25:26,995 - root - INFO - Epoch 95; loss: 1.8741861581802368; CER: 0.10295368731021881; WER: 0.337649405002594; val_loss: 14.067206382751465; val_CER: 0.821438193321228; val_WER: 0.9659498333930969
2024-02-03 22:26:06,109 - root - INFO - Epoch 96; loss: 1.9115030765533447; CER: 0.11022031307220459; WER: 0.3474103510379791; val_loss: 6.562568664550781; val_CER: 0.3249002993106842; val_WER: 0.6738350987434387
2024-02-03 22:26:39,183 - root - INFO - Epoch 97; loss: 1.9102165699005127; CER: 0.09785805642604828; WER: 0.3282868564128876; val_loss: 11.002041816711426; val_CER: 0.5458154082298279; val_WER: 0.8745519518852234
2024-02-03 22:27:12,976 - root - INFO - Epoch 98; loss: 1.894842505455017; CER: 0.10396789014339447; WER: 0.33784860372543335; val_loss: 4.82959508895874; val_CER: 0.2040538340806961; val_WER: 0.4982078969478607
2024-02-03 22:27:33,782 - root - INFO - Epoch 99; loss: 1.8590145111083984; CER: 0.10013499855995178; WER: 0.3354581594467163; val_loss: 9.826623916625977; val_CER: 0.5557987689971924; val_WER: 0.8602150678634644
2024-02-03 22:27:53,990 - root - INFO - Epoch 100; loss: 1.8306105136871338; CER: 0.09918327629566193; WER: 0.3260956108570099; val_loss: 9.482709884643555; val_CER: 0.531823992729187; val_WER: 0.8602150678634644
2024-02-03 22:28:14,620 - root - INFO - Epoch 101; loss: 1.7500455379486084; CER: 0.09434762597084045; WER: 0.31374502182006836; val_loss: 5.6316728591918945; val_CER: 0.23452307283878326; val_WER: 0.5304659605026245
2024-02-03 22:28:34,845 - root - INFO - Epoch 102; loss: 1.7572174072265625; CER: 0.09651932865381241; WER: 0.3221115469932556; val_loss: 4.830428123474121; val_CER: 0.19314512610435486; val_WER: 0.46236559748649597
2024-02-03 22:28:54,966 - root - INFO - Epoch 103; loss: 1.740480661392212; CER: 0.09382382035255432; WER: 0.3173306882381439; val_loss: 4.765953063964844; val_CER: 0.1914319545030594; val_WER: 0.46236559748649597
2024-02-03 22:29:15,479 - root - INFO - Epoch 104; loss: 1.7376301288604736; CER: 0.09332343935966492; WER: 0.31673306226730347; val_loss: 4.874691009521484; val_CER: 0.19087760150432587; val_WER: 0.4749104082584381
2024-02-03 22:29:36,716 - root - INFO - Epoch 105; loss: 1.7277162075042725; CER: 0.09313058108091354; WER: 0.31673306226730347; val_loss: 4.510746002197266; val_CER: 0.18516132235527039; val_WER: 0.4605734646320343
2024-02-03 22:29:57,803 - root - INFO - Epoch 106; loss: 1.6804146766662598; CER: 0.09066241979598999; WER: 0.30816733837127686; val_loss: 4.808618545532227; val_CER: 0.18450023233890533; val_WER: 0.4534050226211548
2024-02-03 22:30:17,735 - root - INFO - Epoch 107; loss: 1.6950910091400146; CER: 0.08966543525457382; WER: 0.30697211623191833; val_loss: 12.823325157165527; val_CER: 0.7809149622917175; val_WER: 0.9354838728904724
2024-02-03 22:30:37,654 - root - INFO - Epoch 108; loss: 1.6724694967269897; CER: 0.09026839584112167; WER: 0.3093625605106354; val_loss: 4.764265537261963; val_CER: 0.19244825839996338; val_WER: 0.4749104082584381
2024-02-03 22:30:57,341 - root - INFO - Epoch 109; loss: 1.664528489112854; CER: 0.0936708152294159; WER: 0.3075697124004364; val_loss: 4.942307472229004; val_CER: 0.19774584472179413; val_WER: 0.4677419364452362
2024-02-03 22:31:17,489 - root - INFO - Epoch 110; loss: 1.6340984106063843; CER: 0.08818815648555756; WER: 0.3097609579563141; val_loss: 5.481890678405762; val_CER: 0.2613309919834137; val_WER: 0.5842294096946716
2024-02-03 22:31:37,343 - root - INFO - Epoch 111; loss: 1.6880112886428833; CER: 0.0936429426074028; WER: 0.32410359382629395; val_loss: 21.285961151123047; val_CER: 1.2103325128555298; val_WER: 0.9982078671455383
2024-02-03 22:31:57,126 - root - INFO - Epoch 112; loss: 1.624253273010254; CER: 0.08805350959300995; WER: 0.30179283022880554; val_loss: 4.7757158279418945; val_CER: 0.20184378325939178; val_WER: 0.45698925852775574
2024-02-03 22:32:17,540 - root - INFO - Epoch 113; loss: 1.57968270778656; CER: 0.08545577526092529; WER: 0.29621514678001404; val_loss: 4.2091569900512695; val_CER: 0.17301104962825775; val_WER: 0.421146959066391
2024-02-03 22:32:37,641 - root - INFO - Epoch 114; loss: 1.5806269645690918; CER: 0.08426119387149811; WER: 0.2920318841934204; val_loss: 5.541637420654297; val_CER: 0.2545655369758606; val_WER: 0.560931921005249
2024-02-03 22:32:57,302 - root - INFO - Epoch 115; loss: 1.5537866353988647; CER: 0.08369787782430649; WER: 0.2886454164981842; val_loss: 4.835707664489746; val_CER: 0.19353915750980377; val_WER: 0.4784946143627167
2024-02-03 22:33:17,187 - root - INFO - Epoch 116; loss: 1.5471302270889282; CER: 0.08215052634477615; WER: 0.28665339946746826; val_loss: 4.731762409210205; val_CER: 0.19350787997245789; val_WER: 0.4695340394973755
2024-02-03 22:33:38,942 - root - INFO - Epoch 117; loss: 1.5427945852279663; CER: 0.08499058336019516; WER: 0.29402390122413635; val_loss: 5.626572132110596; val_CER: 0.26016947627067566; val_WER: 0.5734767317771912
2024-02-03 22:33:58,728 - root - INFO - Epoch 118; loss: 1.5079423189163208; CER: 0.07776283472776413; WER: 0.27988046407699585; val_loss: 5.466101169586182; val_CER: 0.2483249455690384; val_WER: 0.5519713163375854
2024-02-03 22:34:18,521 - root - INFO - Epoch 119; loss: 1.503983736038208; CER: 0.08273740112781525; WER: 0.2844621539115906; val_loss: 5.353122234344482; val_CER: 0.24627426266670227; val_WER: 0.5376344323158264
2024-02-03 22:34:38,387 - root - INFO - Epoch 120; loss: 1.5363000631332397; CER: 0.08481797575950623; WER: 0.29780876636505127; val_loss: 8.318231582641602; val_CER: 0.45265433192253113; val_WER: 0.8172042965888977
2024-02-03 22:34:58,194 - root - INFO - Epoch 121; loss: 1.5166572332382202; CER: 0.08109403401613235; WER: 0.2838645279407501; val_loss: 4.951588153839111; val_CER: 0.20396843552589417; val_WER: 0.4677419364452362
2024-02-03 22:35:18,088 - root - INFO - Epoch 122; loss: 1.4957693815231323; CER: 0.0801846981048584; WER: 0.28964143991470337; val_loss: 9.848241806030273; val_CER: 0.5824829936027527; val_WER: 0.8673835396766663
2024-02-03 22:35:38,289 - root - INFO - Epoch 123; loss: 1.4725854396820068; CER: 0.07935338467359543; WER: 0.2800796926021576; val_loss: 5.315502643585205; val_CER: 0.2586396336555481; val_WER: 0.5645161271095276
2024-02-03 22:35:58,129 - root - INFO - Epoch 124; loss: 1.408725380897522; CER: 0.0783710703253746; WER: 0.27330678701400757; val_loss: 6.655177116394043; val_CER: 0.3332008123397827; val_WER: 0.6756272315979004
2024-02-03 22:36:18,070 - root - INFO - Epoch 125; loss: 1.4137020111083984; CER: 0.0769888162612915; WER: 0.27988046407699585; val_loss: 5.924224853515625; val_CER: 0.2957925796508789; val_WER: 0.5860214829444885
2024-02-03 22:36:38,085 - root - INFO - Epoch 126; loss: 1.4025700092315674; CER: 0.07494848221540451; WER: 0.2637450098991394; val_loss: 4.896784782409668; val_CER: 0.19641676545143127; val_WER: 0.4605734646320343
2024-02-03 22:36:58,092 - root - INFO - Epoch 127; loss: 1.34516179561615; CER: 0.07109130173921585; WER: 0.25916334986686707; val_loss: 8.02367115020752; val_CER: 0.41130080819129944; val_WER: 0.7652329802513123
2024-02-03 22:37:18,003 - root - INFO - Epoch 128; loss: 1.3812769651412964; CER: 0.0714443027973175; WER: 0.26573705673217773; val_loss: 6.4667229652404785; val_CER: 0.3124942183494568; val_WER: 0.6308243870735168
2024-02-03 22:37:38,035 - root - INFO - Epoch 129; loss: 1.3988312482833862; CER: 0.07492734491825104; WER: 0.26394420862197876; val_loss: 4.680537700653076; val_CER: 0.19616399705410004; val_WER: 0.4516128897666931
2024-02-03 22:37:58,207 - root - INFO - Epoch 130; loss: 1.3762587308883667; CER: 0.07380208373069763; WER: 0.27290835976600647; val_loss: 5.659997940063477; val_CER: 0.28085416555404663; val_WER: 0.5698924660682678
2024-02-03 22:38:18,495 - root - INFO - Epoch 131; loss: 1.285071849822998; CER: 0.06980616599321365; WER: 0.25458166003227234; val_loss: 9.14964485168457; val_CER: 0.5005355477333069; val_WER: 0.8279569745063782
2024-02-03 22:38:38,757 - root - INFO - Epoch 132; loss: 1.3068630695343018; CER: 0.07061157375574112; WER: 0.2496015876531601; val_loss: 5.247586727142334; val_CER: 0.22409269213676453; val_WER: 0.4982078969478607
2024-02-03 22:38:58,952 - root - INFO - Epoch 133; loss: 1.3565930128097534; CER: 0.07364107668399811; WER: 0.26733067631721497; val_loss: 6.875141620635986; val_CER: 0.3389662504196167; val_WER: 0.6720430254936218
2024-02-03 22:39:01,182 - tf2onnx.tfonnx - INFO - Using tensorflow=2.15.0, onnx=1.15.0, tf2onnx=1.16.1/15c810
2024-02-03 22:39:01,182 - tf2onnx.tfonnx - INFO - Using opset <onnx, 15>
2024-02-03 22:39:01,316 - tf2onnx.tf_utils - INFO - Computed 0 values for constant folding
2024-02-03 22:39:01,323 - tf2onnx.tf_utils - INFO - Computed 0 values for constant folding
2024-02-03 22:39:01,329 - tf2onnx.tf_utils - INFO - Computed 0 values for constant folding
2024-02-03 22:39:01,332 - tf2onnx.tf_utils - INFO - Computed 0 values for constant folding
2024-02-03 22:39:01,425 - tf2onnx.tf_utils - INFO - Computed 2 values for constant folding
2024-02-03 22:39:01,502 - tf2onnx.tfonnx - INFO - folding node using tf type=StridedSlice, name=model/bidirectional/forward_lstm/PartitionedCall/strided_slice
2024-02-03 22:39:01,502 - tf2onnx.tfonnx - INFO - folding node using tf type=StridedSlice, name=model/bidirectional/backward_lstm/PartitionedCall/strided_slice
2024-02-03 22:39:01,630 - tf2onnx.optimizer - INFO - Optimizing ONNX model
2024-02-03 22:39:02,190 - tf2onnx.optimizer - INFO - After optimization: BatchNormalization -18 (18->0), Cast -4 (11->7), Concat -4 (10->6), Const -129 (192->63), Expand -3 (4->1), Gather +2 (2->4), Identity -2 (2->0), Shape -1 (4->3), Slice -1 (5->4), Squeeze -3 (5->2), Transpose -81 (85->4), Unsqueeze -14 (17->3)
