2024-02-03 23:54:28,765 - tensorflow - WARNING - From C:\Users\jball\anaconda3\envs\handwritingAI\Lib\site-packages\tf2onnx\tf_loader.py:68: The name tf.reset_default_graph is deprecated. Please use tf.compat.v1.reset_default_graph instead.

2024-02-03 23:54:28,917 - tensorflow - WARNING - From C:\Users\jball\anaconda3\envs\handwritingAI\Lib\site-packages\tf2onnx\tf_loader.py:72: The name tf.train.import_meta_graph is deprecated. Please use tf.compat.v1.train.import_meta_graph instead.

2024-02-03 23:54:30,098 - tensorflow - WARNING - From C:\Users\jball\anaconda3\envs\handwritingAI\Lib\site-packages\keras\src\utils\tf_utils.py:492: The name tf.ragged.RaggedTensorValue is deprecated. Please use tf.compat.v1.ragged.RaggedTensorValue instead.

2024-02-03 23:54:39,185 - tensorflow - WARNING - Callback method `on_train_batch_end` is slow compared to the batch time (batch time: 0.0425s vs `on_train_batch_end` time: 0.2539s). Check your callbacks.
2024-02-03 23:54:59,956 - root - INFO - Epoch 0; loss: 21.78846549987793; WER: 1.0; val_loss: 21.270992279052734; val_WER: 1.0
2024-02-03 23:55:20,139 - root - INFO - Epoch 1; loss: 16.64521026611328; WER: 1.0; val_loss: 20.550512313842773; val_WER: 1.0
2024-02-03 23:55:40,110 - root - INFO - Epoch 2; loss: 16.348535537719727; WER: 1.0; val_loss: 19.020830154418945; val_WER: 1.0
2024-02-03 23:55:59,981 - root - INFO - Epoch 3; loss: 15.928773880004883; WER: 1.0; val_loss: 17.25351333618164; val_WER: 1.0
2024-02-03 23:56:19,955 - root - INFO - Epoch 4; loss: 15.329899787902832; WER: 0.9994024038314819; val_loss: 16.813167572021484; val_WER: 1.0
2024-02-03 23:56:40,371 - root - INFO - Epoch 5; loss: 14.648579597473145; WER: 0.9952191114425659; val_loss: 15.949880599975586; val_WER: 0.9964157938957214
2024-02-03 23:57:01,075 - root - INFO - Epoch 6; loss: 14.010384559631348; WER: 0.987051784992218; val_loss: 14.262253761291504; val_WER: 0.9838709831237793
2024-02-03 23:57:30,553 - root - INFO - Epoch 7; loss: 13.372027397155762; WER: 0.9834661483764648; val_loss: 13.073013305664062; val_WER: 0.9892473220825195
2024-02-03 23:58:15,701 - root - INFO - Epoch 8; loss: 12.841387748718262; WER: 0.9756972193717957; val_loss: 12.463187217712402; val_WER: 0.9731183052062988
2024-02-03 23:58:56,139 - root - INFO - Epoch 9; loss: 12.318037033081055; WER: 0.9701195359230042; val_loss: 11.923766136169434; val_WER: 0.9677419066429138
2024-02-03 23:59:40,395 - root - INFO - Epoch 10; loss: 11.836414337158203; WER: 0.9665338397026062; val_loss: 11.69441032409668; val_WER: 0.9767025113105774
2024-02-04 00:00:24,754 - root - INFO - Epoch 11; loss: 11.317383766174316; WER: 0.953585684299469; val_loss: 10.434823036193848; val_WER: 0.9498208165168762
2024-02-04 00:01:09,579 - root - INFO - Epoch 12; loss: 10.905563354492188; WER: 0.949402391910553; val_loss: 10.558831214904785; val_WER: 0.9426523447036743
2024-02-04 00:01:49,309 - root - INFO - Epoch 13; loss: 10.429574012756348; WER: 0.9366533756256104; val_loss: 9.935818672180176; val_WER: 0.9336917400360107
2024-02-04 00:02:16,264 - root - INFO - Epoch 14; loss: 9.86703109741211; WER: 0.9233067631721497; val_loss: 9.162179946899414; val_WER: 0.9157705903053284
2024-02-04 00:02:36,939 - root - INFO - Epoch 15; loss: 9.33729362487793; WER: 0.9111554026603699; val_loss: 8.751202583312988; val_WER: 0.8996415734291077
2024-02-04 00:02:57,330 - root - INFO - Epoch 16; loss: 8.880935668945312; WER: 0.8914342522621155; val_loss: 7.980206489562988; val_WER: 0.8476702570915222
2024-02-04 00:03:18,021 - root - INFO - Epoch 17; loss: 8.536674499511719; WER: 0.8764940500259399; val_loss: 7.709849834442139; val_WER: 0.8387096524238586
2024-02-04 00:03:38,418 - root - INFO - Epoch 18; loss: 8.075419425964355; WER: 0.8563745021820068; val_loss: 7.258662700653076; val_WER: 0.8333333134651184
2024-02-04 00:03:58,610 - root - INFO - Epoch 19; loss: 7.7450666427612305; WER: 0.8312749266624451; val_loss: 6.839886665344238; val_WER: 0.7777777910232544
2024-02-04 00:04:18,363 - root - INFO - Epoch 20; loss: 7.425055503845215; WER: 0.8197211027145386; val_loss: 6.774333953857422; val_WER: 0.7974910140037537
2024-02-04 00:04:38,435 - root - INFO - Epoch 21; loss: 7.155946254730225; WER: 0.806972086429596; val_loss: 6.55640983581543; val_WER: 0.7759856581687927
2024-02-04 00:04:59,094 - root - INFO - Epoch 22; loss: 6.8548054695129395; WER: 0.7904382348060608; val_loss: 5.844501495361328; val_WER: 0.7096773982048035
2024-02-04 00:05:18,590 - root - INFO - Epoch 23; loss: 6.635936260223389; WER: 0.7695218920707703; val_loss: 6.042308807373047; val_WER: 0.7329748868942261
2024-02-04 00:05:38,334 - root - INFO - Epoch 24; loss: 6.366522789001465; WER: 0.7525896430015564; val_loss: 5.758253574371338; val_WER: 0.725806474685669
2024-02-04 00:05:58,591 - root - INFO - Epoch 25; loss: 6.198929309844971; WER: 0.7468127608299255; val_loss: 5.727817535400391; val_WER: 0.7060931921005249
2024-02-04 00:06:18,170 - root - INFO - Epoch 26; loss: 6.033263683319092; WER: 0.7278884649276733; val_loss: 5.620734214782715; val_WER: 0.7204301357269287
2024-02-04 00:06:38,266 - root - INFO - Epoch 27; loss: 5.744706630706787; WER: 0.717131495475769; val_loss: 5.669680118560791; val_WER: 0.6917562484741211
2024-02-04 00:06:59,328 - root - INFO - Epoch 28; loss: 5.713717937469482; WER: 0.7103585600852966; val_loss: 5.430233955383301; val_WER: 0.6630824208259583
2024-02-04 00:07:19,070 - root - INFO - Epoch 29; loss: 5.537185192108154; WER: 0.6970119476318359; val_loss: 5.351822376251221; val_WER: 0.6774193644523621
2024-02-04 00:07:39,744 - root - INFO - Epoch 30; loss: 5.353686332702637; WER: 0.6842629313468933; val_loss: 4.9468560218811035; val_WER: 0.6308243870735168
2024-02-04 00:07:59,940 - root - INFO - Epoch 31; loss: 5.2887492179870605; WER: 0.684063732624054; val_loss: 5.110082626342773; val_WER: 0.6129032373428345
2024-02-04 00:08:19,427 - root - INFO - Epoch 32; loss: 5.003750324249268; WER: 0.6585657596588135; val_loss: 4.772131443023682; val_WER: 0.6129032373428345
2024-02-04 00:08:39,201 - root - INFO - Epoch 33; loss: 4.97348165512085; WER: 0.6503984332084656; val_loss: 5.254558086395264; val_WER: 0.6594982147216797
2024-02-04 00:08:59,096 - root - INFO - Epoch 34; loss: 4.81453275680542; WER: 0.6418326497077942; val_loss: 10.265251159667969; val_WER: 0.9050179123878479
2024-02-04 00:09:19,287 - root - INFO - Epoch 35; loss: 4.67050838470459; WER: 0.6282868385314941; val_loss: 4.731643199920654; val_WER: 0.5681003332138062
2024-02-04 00:09:38,905 - root - INFO - Epoch 36; loss: 4.625507354736328; WER: 0.6233067512512207; val_loss: 4.740300178527832; val_WER: 0.6146953701972961
2024-02-04 00:09:58,555 - root - INFO - Epoch 37; loss: 4.4819231033325195; WER: 0.6127489805221558; val_loss: 4.8220624923706055; val_WER: 0.6093189716339111
2024-02-04 00:10:18,324 - root - INFO - Epoch 38; loss: 4.454807758331299; WER: 0.6145418286323547; val_loss: 4.605774879455566; val_WER: 0.5788530707359314
2024-02-04 00:10:37,973 - root - INFO - Epoch 39; loss: 4.282634735107422; WER: 0.6013944149017334; val_loss: 4.686071395874023; val_WER: 0.5878136157989502
2024-02-04 00:10:57,522 - root - INFO - Epoch 40; loss: 4.20743465423584; WER: 0.5994023680686951; val_loss: 4.630849838256836; val_WER: 0.5806451439857483
2024-02-04 00:11:17,666 - root - INFO - Epoch 41; loss: 4.135696887969971; WER: 0.587649405002594; val_loss: 4.2672553062438965; val_WER: 0.5376344323158264
2024-02-04 00:11:37,301 - root - INFO - Epoch 42; loss: 4.1126556396484375; WER: 0.5860557556152344; val_loss: 4.507749080657959; val_WER: 0.5806451439857483
2024-02-04 00:11:56,989 - root - INFO - Epoch 43; loss: 3.9888107776641846; WER: 0.5669322609901428; val_loss: 4.680901050567627; val_WER: 0.5806451439857483
2024-02-04 00:12:16,754 - root - INFO - Epoch 44; loss: 3.9122519493103027; WER: 0.5655378699302673; val_loss: 4.557619094848633; val_WER: 0.5465949773788452
2024-02-04 00:12:36,619 - root - INFO - Epoch 45; loss: 3.9228532314300537; WER: 0.5721115469932556; val_loss: 4.476734638214111; val_WER: 0.5627239942550659
2024-02-04 00:12:56,869 - root - INFO - Epoch 46; loss: 3.760100841522217; WER: 0.5490039587020874; val_loss: 4.119437217712402; val_WER: 0.519713282585144
2024-02-04 00:13:16,609 - root - INFO - Epoch 47; loss: 3.735454559326172; WER: 0.5591633319854736; val_loss: 5.899825096130371; val_WER: 0.7150537371635437
2024-02-04 00:13:35,984 - root - INFO - Epoch 48; loss: 3.678500175476074; WER: 0.5460159182548523; val_loss: 4.557918548583984; val_WER: 0.5663082599639893
2024-02-04 00:13:55,211 - root - INFO - Epoch 49; loss: 3.5746586322784424; WER: 0.5312749147415161; val_loss: 4.638579368591309; val_WER: 0.5860214829444885
2024-02-04 00:14:14,427 - root - INFO - Epoch 50; loss: 3.5435736179351807; WER: 0.5296812653541565; val_loss: 4.3597283363342285; val_WER: 0.5232974886894226
2024-02-04 00:14:33,451 - root - INFO - Epoch 51; loss: 3.457979202270508; WER: 0.5181275010108948; val_loss: 4.386067867279053; val_WER: 0.5770609378814697
2024-02-04 00:14:52,629 - root - INFO - Epoch 52; loss: 3.4292352199554443; WER: 0.5284860730171204; val_loss: 4.854537487030029; val_WER: 0.5967742204666138
2024-02-04 00:15:12,001 - root - INFO - Epoch 53; loss: 3.3768231868743896; WER: 0.5103585720062256; val_loss: 4.190669536590576; val_WER: 0.5268816947937012
2024-02-04 00:15:31,477 - root - INFO - Epoch 54; loss: 3.2782936096191406; WER: 0.5071713328361511; val_loss: 4.260060787200928; val_WER: 0.5125448107719421
2024-02-04 00:15:50,956 - root - INFO - Epoch 55; loss: 3.2382562160491943; WER: 0.5089641213417053; val_loss: 4.517888069152832; val_WER: 0.5555555820465088
2024-02-04 00:16:10,402 - root - INFO - Epoch 56; loss: 3.1222403049468994; WER: 0.4844621419906616; val_loss: 4.372903347015381; val_WER: 0.5573476552963257
2024-02-04 00:16:30,208 - root - INFO - Epoch 57; loss: 3.1010193824768066; WER: 0.49203187227249146; val_loss: 4.003592014312744; val_WER: 0.5071684718132019
2024-02-04 00:16:49,394 - root - INFO - Epoch 58; loss: 3.0811588764190674; WER: 0.47868525981903076; val_loss: 4.698301792144775; val_WER: 0.5770609378814697
2024-02-04 00:17:08,140 - root - INFO - Epoch 59; loss: 3.058682680130005; WER: 0.48824700713157654; val_loss: 4.129366874694824; val_WER: 0.5179211497306824
2024-02-04 00:17:26,790 - root - INFO - Epoch 60; loss: 3.0457451343536377; WER: 0.47928285598754883; val_loss: 4.631772041320801; val_WER: 0.5519713163375854
2024-02-04 00:17:46,680 - root - INFO - Epoch 61; loss: 2.9698684215545654; WER: 0.4844621419906616; val_loss: 4.121790409088135; val_WER: 0.5035842061042786
2024-02-04 00:18:06,231 - root - INFO - Epoch 62; loss: 2.9481427669525146; WER: 0.4681274890899658; val_loss: 4.4368133544921875; val_WER: 0.5340501666069031
2024-02-04 00:18:25,664 - root - INFO - Epoch 63; loss: 2.9537203311920166; WER: 0.47529879212379456; val_loss: 4.170652389526367; val_WER: 0.5268816947937012
2024-02-04 00:18:45,613 - root - INFO - Epoch 64; loss: 2.8764517307281494; WER: 0.4707171320915222; val_loss: 4.003783702850342; val_WER: 0.47311827540397644
2024-02-04 00:19:04,725 - root - INFO - Epoch 65; loss: 2.7914061546325684; WER: 0.4523904323577881; val_loss: 4.0224761962890625; val_WER: 0.4767025113105774
2024-02-04 00:19:23,702 - root - INFO - Epoch 66; loss: 2.764390468597412; WER: 0.4539840519428253; val_loss: 11.46151065826416; val_WER: 0.9354838728904724
2024-02-04 00:19:43,405 - root - INFO - Epoch 67; loss: 2.7048168182373047; WER: 0.45119521021842957; val_loss: 3.969424247741699; val_WER: 0.4516128897666931
2024-02-04 00:20:02,762 - root - INFO - Epoch 68; loss: 2.7198712825775146; WER: 0.4472111463546753; val_loss: 4.408873558044434; val_WER: 0.5268816947937012
2024-02-04 00:20:22,020 - root - INFO - Epoch 69; loss: 2.6930196285247803; WER: 0.4338645339012146; val_loss: 3.948970317840576; val_WER: 0.4767025113105774
2024-02-04 00:20:41,305 - root - INFO - Epoch 70; loss: 2.649120330810547; WER: 0.4352589547634125; val_loss: 3.93973970413208; val_WER: 0.4784946143627167
2024-02-04 00:21:00,492 - root - INFO - Epoch 71; loss: 2.5858986377716064; WER: 0.4231075644493103; val_loss: 4.719386100769043; val_WER: 0.5663082599639893
2024-02-04 00:21:19,776 - root - INFO - Epoch 72; loss: 2.58595609664917; WER: 0.4274900257587433; val_loss: 5.0247721672058105; val_WER: 0.5949820876121521
2024-02-04 00:21:38,996 - root - INFO - Epoch 73; loss: 2.540268898010254; WER: 0.42290836572647095; val_loss: 3.9168663024902344; val_WER: 0.4677419364452362
2024-02-04 00:21:58,210 - root - INFO - Epoch 74; loss: 2.525651693344116; WER: 0.423505961894989; val_loss: 3.9399285316467285; val_WER: 0.46236559748649597
2024-02-04 00:22:17,315 - root - INFO - Epoch 75; loss: 2.4519503116607666; WER: 0.41035857796669006; val_loss: 4.527106285095215; val_WER: 0.5215053558349609
2024-02-04 00:22:36,407 - root - INFO - Epoch 76; loss: 2.4417483806610107; WER: 0.4179282784461975; val_loss: 5.637543201446533; val_WER: 0.6559139490127563
2024-02-04 00:22:55,376 - root - INFO - Epoch 77; loss: 2.446751832962036; WER: 0.412350594997406; val_loss: 4.071666717529297; val_WER: 0.4838709533214569
2024-02-04 00:23:14,384 - root - INFO - Epoch 78; loss: 2.3194000720977783; WER: 0.41095617413520813; val_loss: 4.33784294128418; val_WER: 0.4982078969478607
2024-02-04 00:23:33,398 - root - INFO - Epoch 79; loss: 2.294081449508667; WER: 0.3974103629589081; val_loss: 4.545511245727539; val_WER: 0.5322580933570862
2024-02-04 00:23:52,389 - root - INFO - Epoch 80; loss: 2.2394497394561768; WER: 0.3866533935070038; val_loss: 4.872035503387451; val_WER: 0.6075268983840942
2024-02-04 00:24:11,586 - root - INFO - Epoch 81; loss: 2.243687152862549; WER: 0.3934262990951538; val_loss: 5.655884742736816; val_WER: 0.6810035705566406
2024-02-04 00:24:31,451 - root - INFO - Epoch 82; loss: 2.210580348968506; WER: 0.38685259222984314; val_loss: 3.795619249343872; val_WER: 0.43369176983833313
2024-02-04 00:24:50,865 - root - INFO - Epoch 83; loss: 2.183175802230835; WER: 0.3912350535392761; val_loss: 5.398019790649414; val_WER: 0.6362007260322571
2024-02-04 00:25:09,536 - root - INFO - Epoch 84; loss: 2.1785547733306885; WER: 0.3888446092605591; val_loss: 4.470919132232666; val_WER: 0.5430107712745667
2024-02-04 00:25:28,172 - root - INFO - Epoch 85; loss: 2.136300802230835; WER: 0.37350597977638245; val_loss: 4.092991352081299; val_WER: 0.4982078969478607
2024-02-04 00:25:46,993 - root - INFO - Epoch 86; loss: 2.0657846927642822; WER: 0.3681274950504303; val_loss: 4.218769073486328; val_WER: 0.4856630861759186
2024-02-04 00:26:05,966 - root - INFO - Epoch 87; loss: 2.0592987537384033; WER: 0.36752986907958984; val_loss: 4.5338945388793945; val_WER: 0.5071684718132019
2024-02-04 00:26:25,760 - root - INFO - Epoch 88; loss: 2.025599718093872; WER: 0.36394423246383667; val_loss: 3.78178334236145; val_WER: 0.41577062010765076
2024-02-04 00:26:45,156 - root - INFO - Epoch 89; loss: 2.030144453048706; WER: 0.36912351846694946; val_loss: 3.999697685241699; val_WER: 0.44802868366241455
2024-02-04 00:27:04,107 - root - INFO - Epoch 90; loss: 1.9976506233215332; WER: 0.3603585660457611; val_loss: 4.992549419403076; val_WER: 0.6075268983840942
2024-02-04 00:27:23,066 - root - INFO - Epoch 91; loss: 2.0356228351593018; WER: 0.36235058307647705; val_loss: 21.97479820251465; val_WER: 0.9964157938957214
2024-02-04 00:27:42,105 - root - INFO - Epoch 92; loss: 2.012913227081299; WER: 0.3595617413520813; val_loss: 4.093660831451416; val_WER: 0.4784946143627167
2024-02-04 00:28:01,133 - root - INFO - Epoch 93; loss: 2.033644914627075; WER: 0.3569720983505249; val_loss: 4.598097324371338; val_WER: 0.5448028445243835
2024-02-04 00:28:20,391 - root - INFO - Epoch 94; loss: 1.943751573562622; WER: 0.3484063744544983; val_loss: 3.964020252227783; val_WER: 0.4372759759426117
2024-02-04 00:28:39,752 - root - INFO - Epoch 95; loss: 1.9324324131011963; WER: 0.3454183340072632; val_loss: 4.215325832366943; val_WER: 0.49641576409339905
2024-02-04 00:28:58,890 - root - INFO - Epoch 96; loss: 1.9112474918365479; WER: 0.34820717573165894; val_loss: 4.121727466583252; val_WER: 0.46415770053863525
2024-02-04 00:29:18,219 - root - INFO - Epoch 97; loss: 1.916876196861267; WER: 0.35039839148521423; val_loss: 4.79581880569458; val_WER: 0.5842294096946716
2024-02-04 00:29:37,535 - root - INFO - Epoch 98; loss: 1.8705567121505737; WER: 0.3418326675891876; val_loss: 4.234681129455566; val_WER: 0.4677419364452362
2024-02-04 00:29:56,772 - root - INFO - Epoch 99; loss: 1.8552764654159546; WER: 0.3388446271419525; val_loss: 4.794955253601074; val_WER: 0.5860214829444885
2024-02-04 00:30:16,152 - root - INFO - Epoch 100; loss: 1.7469338178634644; WER: 0.3239043951034546; val_loss: 3.9845800399780273; val_WER: 0.4444444477558136
2024-02-04 00:30:35,470 - root - INFO - Epoch 101; loss: 1.806287169456482; WER: 0.3250995874404907; val_loss: 4.184975624084473; val_WER: 0.4767025113105774
2024-02-04 00:30:54,691 - root - INFO - Epoch 102; loss: 1.7039265632629395; WER: 0.31334662437438965; val_loss: 3.8362700939178467; val_WER: 0.421146959066391
2024-02-04 00:31:13,611 - root - INFO - Epoch 103; loss: 1.6671617031097412; WER: 0.32191234827041626; val_loss: 5.153918743133545; val_WER: 0.6093189716339111
2024-02-04 00:31:32,718 - root - INFO - Epoch 104; loss: 1.7496594190597534; WER: 0.3256972134113312; val_loss: 4.214262962341309; val_WER: 0.4677419364452362
2024-02-04 00:31:51,982 - root - INFO - Epoch 105; loss: 1.6963768005371094; WER: 0.31812748312950134; val_loss: 4.321329593658447; val_WER: 0.47311827540397644
2024-02-04 00:32:11,942 - root - INFO - Epoch 106; loss: 1.663701057434082; WER: 0.3127489984035492; val_loss: 4.037431240081787; val_WER: 0.3978494703769684
2024-02-04 00:32:31,367 - root - INFO - Epoch 107; loss: 1.6081256866455078; WER: 0.3165338635444641; val_loss: 4.128899097442627; val_WER: 0.44265231490135193
2024-02-04 00:32:50,621 - root - INFO - Epoch 108; loss: 1.628993272781372; WER: 0.31035855412483215; val_loss: 3.8074162006378174; val_WER: 0.421146959066391
2024-02-04 00:33:09,939 - root - INFO - Epoch 109; loss: 1.620592474937439; WER: 0.3221115469932556; val_loss: 3.9781575202941895; val_WER: 0.421146959066391
2024-02-04 00:33:29,071 - root - INFO - Epoch 110; loss: 1.6590971946716309; WER: 0.3089641332626343; val_loss: 3.9184532165527344; val_WER: 0.41577062010765076
2024-02-04 00:33:48,209 - root - INFO - Epoch 111; loss: 1.6268260478973389; WER: 0.31454184651374817; val_loss: 3.8897476196289062; val_WER: 0.4283154010772705
2024-02-04 00:34:08,196 - root - INFO - Epoch 112; loss: 1.5809730291366577; WER: 0.30956175923347473; val_loss: 3.5975301265716553; val_WER: 0.38351255655288696
2024-02-04 00:34:27,661 - root - INFO - Epoch 113; loss: 1.5921119451522827; WER: 0.31115537881851196; val_loss: 4.158740520477295; val_WER: 0.45519712567329407
2024-02-04 00:34:47,012 - root - INFO - Epoch 114; loss: 1.5666179656982422; WER: 0.3019920289516449; val_loss: 10.930682182312012; val_WER: 0.8942652344703674
2024-02-04 00:35:06,341 - root - INFO - Epoch 115; loss: 1.5676178932189941; WER: 0.3011952042579651; val_loss: 9.521777153015137; val_WER: 0.8655914068222046
2024-02-04 00:35:25,851 - root - INFO - Epoch 116; loss: 1.5578991174697876; WER: 0.29780876636505127; val_loss: 4.464189052581787; val_WER: 0.4838709533214569
2024-02-04 00:35:45,305 - root - INFO - Epoch 117; loss: 1.5658447742462158; WER: 0.2990039885044098; val_loss: 4.0740509033203125; val_WER: 0.4354838728904724
2024-02-04 00:36:05,252 - root - INFO - Epoch 118; loss: 1.5854933261871338; WER: 0.3057768940925598; val_loss: 3.601494312286377; val_WER: 0.379928320646286
2024-02-04 00:36:24,722 - root - INFO - Epoch 119; loss: 1.4754747152328491; WER: 0.2874501943588257; val_loss: 3.671546697616577; val_WER: 0.39247313141822815
2024-02-04 00:36:44,235 - root - INFO - Epoch 120; loss: 1.522810935974121; WER: 0.28844621777534485; val_loss: 3.67720890045166; val_WER: 0.3817204236984253
2024-02-04 00:37:03,713 - root - INFO - Epoch 121; loss: 1.4647761583328247; WER: 0.29103586077690125; val_loss: 3.913618326187134; val_WER: 0.42473119497299194
2024-02-04 00:37:23,153 - root - INFO - Epoch 122; loss: 1.43748140335083; WER: 0.2838645279407501; val_loss: 22.45946502685547; val_WER: 1.0
2024-02-04 00:37:41,987 - root - INFO - Epoch 123; loss: 1.4658654928207397; WER: 0.2898406386375427; val_loss: 3.7393434047698975; val_WER: 0.4032258093357086
2024-02-04 00:38:00,824 - root - INFO - Epoch 124; loss: 1.5363105535507202; WER: 0.2946215271949768; val_loss: 4.774444580078125; val_WER: 0.5250896215438843
2024-02-04 00:38:19,763 - root - INFO - Epoch 125; loss: 1.4907457828521729; WER: 0.28764939308166504; val_loss: 4.372198581695557; val_WER: 0.48924732208251953
2024-02-04 00:38:39,734 - root - INFO - Epoch 126; loss: 1.3946771621704102; WER: 0.2737051844596863; val_loss: 3.677374839782715; val_WER: 0.36738350987434387
2024-02-04 00:38:59,203 - root - INFO - Epoch 127; loss: 1.4385074377059937; WER: 0.2834661304950714; val_loss: 3.914095401763916; val_WER: 0.4283154010772705
2024-02-04 00:39:18,488 - root - INFO - Epoch 128; loss: 1.4373658895492554; WER: 0.2878485918045044; val_loss: 3.7981204986572266; val_WER: 0.4121863842010498
2024-02-04 00:39:37,381 - root - INFO - Epoch 129; loss: 1.4082179069519043; WER: 0.278486043214798; val_loss: 3.7874209880828857; val_WER: 0.38351255655288696
2024-02-04 00:39:56,262 - root - INFO - Epoch 130; loss: 1.3941948413848877; WER: 0.28247010707855225; val_loss: 6.813966751098633; val_WER: 0.7437276244163513
2024-02-04 00:40:15,109 - root - INFO - Epoch 131; loss: 1.3819295167922974; WER: 0.2790836691856384; val_loss: 3.7657504081726074; val_WER: 0.4050179123878479
2024-02-04 00:40:33,912 - root - INFO - Epoch 132; loss: 1.3553714752197266; WER: 0.26912349462509155; val_loss: 4.032259941101074; val_WER: 0.4301075339317322
2024-02-04 00:40:52,685 - root - INFO - Epoch 133; loss: 1.3673129081726074; WER: 0.2788844704627991; val_loss: 8.270458221435547; val_WER: 0.8279569745063782
2024-02-04 00:41:11,554 - root - INFO - Epoch 134; loss: 1.3308234214782715; WER: 0.2735059857368469; val_loss: 7.353611469268799; val_WER: 0.7634408473968506
2024-02-04 00:41:30,448 - root - INFO - Epoch 135; loss: 1.327041506767273; WER: 0.2655378580093384; val_loss: 5.336669445037842; val_WER: 0.6254480481147766
2024-02-04 00:41:49,319 - root - INFO - Epoch 136; loss: 1.359583854675293; WER: 0.2681275010108948; val_loss: 3.617511510848999; val_WER: 0.38351255655288696
2024-02-04 00:42:08,196 - root - INFO - Epoch 137; loss: 1.2844750881195068; WER: 0.26055777072906494; val_loss: 3.8665735721588135; val_WER: 0.4121863842010498
2024-02-04 00:42:27,172 - root - INFO - Epoch 138; loss: 1.2634376287460327; WER: 0.2569721043109894; val_loss: 4.099119663238525; val_WER: 0.4605734646320343
2024-02-04 00:42:46,224 - root - INFO - Epoch 139; loss: 1.2668287754058838; WER: 0.26175299286842346; val_loss: 4.076529502868652; val_WER: 0.43189963698387146
2024-02-04 00:43:05,975 - root - INFO - Epoch 140; loss: 1.2359548807144165; WER: 0.2507968246936798; val_loss: 3.5957531929016113; val_WER: 0.3566308319568634
2024-02-04 00:43:25,356 - root - INFO - Epoch 141; loss: 1.223154902458191; WER: 0.2444223165512085; val_loss: 3.8301737308502197; val_WER: 0.3888888955116272
2024-02-04 00:43:44,690 - root - INFO - Epoch 142; loss: 1.2134137153625488; WER: 0.2539840638637543; val_loss: 3.624520778656006; val_WER: 0.3709677457809448
2024-02-04 00:44:03,824 - root - INFO - Epoch 143; loss: 1.1951488256454468; WER: 0.23864541947841644; val_loss: 3.816749095916748; val_WER: 0.3870967626571655
2024-02-04 00:44:22,901 - root - INFO - Epoch 144; loss: 1.2443031072616577; WER: 0.25358566641807556; val_loss: 3.971909761428833; val_WER: 0.3817204236984253
2024-02-04 00:44:42,025 - root - INFO - Epoch 145; loss: 1.2018256187438965; WER: 0.24880477786064148; val_loss: 3.8130855560302734; val_WER: 0.3870967626571655
2024-02-04 00:45:01,169 - root - INFO - Epoch 146; loss: 1.2359806299209595; WER: 0.25059759616851807; val_loss: 3.90140438079834; val_WER: 0.379928320646286
2024-02-04 00:45:20,292 - root - INFO - Epoch 147; loss: 1.1838352680206299; WER: 0.24322709441184998; val_loss: 12.989165306091309; val_WER: 0.9283154010772705
2024-02-04 00:45:39,342 - root - INFO - Epoch 148; loss: 1.1568138599395752; WER: 0.2452191263437271; val_loss: 21.22549819946289; val_WER: 0.9964157938957214
2024-02-04 00:45:59,026 - root - INFO - Epoch 149; loss: 1.1610567569732666; WER: 0.24023903906345367; val_loss: 3.783573627471924; val_WER: 0.35304659605026245
2024-02-04 00:46:18,224 - root - INFO - Epoch 150; loss: 1.133828043937683; WER: 0.2354581654071808; val_loss: 3.7239677906036377; val_WER: 0.36200717091560364
2024-02-04 00:46:37,110 - root - INFO - Epoch 151; loss: 1.186570405960083; WER: 0.24342629313468933; val_loss: 4.193662643432617; val_WER: 0.4139784872531891
2024-02-04 00:46:56,133 - root - INFO - Epoch 152; loss: 1.1887348890304565; WER: 0.23745019733905792; val_loss: 12.212836265563965; val_WER: 0.9157705903053284
2024-02-04 00:47:15,286 - root - INFO - Epoch 153; loss: 1.137072205543518; WER: 0.23525896668434143; val_loss: 4.078652381896973; val_WER: 0.41577062010765076
2024-02-04 00:47:34,434 - root - INFO - Epoch 154; loss: 1.1619082689285278; WER: 0.2418326735496521; val_loss: 5.778674125671387; val_WER: 0.6290322542190552
2024-02-04 00:47:53,514 - root - INFO - Epoch 155; loss: 1.164581060409546; WER: 0.24063745141029358; val_loss: 12.488492012023926; val_WER: 0.9103942513465881
2024-02-04 00:48:12,704 - root - INFO - Epoch 156; loss: 1.1026490926742554; WER: 0.23824700713157654; val_loss: 3.8705482482910156; val_WER: 0.36917561292648315
2024-02-04 00:48:32,052 - root - INFO - Epoch 157; loss: 1.093072772026062; WER: 0.22968126833438873; val_loss: 4.402712345123291; val_WER: 0.47132617235183716
2024-02-04 00:48:51,097 - root - INFO - Epoch 158; loss: 1.1372311115264893; WER: 0.2470119595527649; val_loss: 3.928844451904297; val_WER: 0.40681004524230957
2024-02-04 00:49:10,204 - root - INFO - Epoch 159; loss: 1.0812935829162598; WER: 0.2229083627462387; val_loss: 3.9695982933044434; val_WER: 0.37813618779182434
2024-02-04 00:49:29,267 - root - INFO - Epoch 160; loss: 1.0727510452270508; WER: 0.22749003767967224; val_loss: 21.73678970336914; val_WER: 0.9982078671455383
2024-02-04 00:49:48,306 - root - INFO - Epoch 161; loss: 1.0621005296707153; WER: 0.22749003767967224; val_loss: 4.219692707061768; val_WER: 0.4265232980251312
2024-02-04 00:50:07,246 - root - INFO - Epoch 162; loss: 1.03904390335083; WER: 0.21872510015964508; val_loss: 3.949791431427002; val_WER: 0.36021506786346436
2024-02-04 00:50:26,092 - root - INFO - Epoch 163; loss: 1.0604777336120605; WER: 0.22948206961154938; val_loss: 3.864020347595215; val_WER: 0.3655914068222046
2024-02-04 00:50:45,107 - root - INFO - Epoch 164; loss: 1.0105023384094238; WER: 0.22310757637023926; val_loss: 3.856950044631958; val_WER: 0.36917561292648315
2024-02-04 00:51:04,261 - root - INFO - Epoch 165; loss: 1.0158588886260986; WER: 0.2173306792974472; val_loss: 5.664605617523193; val_WER: 0.6093189716339111
2024-02-04 00:51:23,518 - root - INFO - Epoch 166; loss: 0.9960920810699463; WER: 0.20816732943058014; val_loss: 3.854609727859497; val_WER: 0.3637992739677429
2024-02-04 00:51:42,585 - root - INFO - Epoch 167; loss: 1.0189266204833984; WER: 0.21892429888248444; val_loss: 3.955669403076172; val_WER: 0.3906809985637665
2024-02-04 00:52:01,678 - root - INFO - Epoch 168; loss: 1.0430814027786255; WER: 0.22071713209152222; val_loss: 6.78925085067749; val_WER: 0.6792114973068237
2024-02-04 00:52:20,815 - root - INFO - Epoch 169; loss: 0.9793086051940918; WER: 0.21015936136245728; val_loss: 3.901522636413574; val_WER: 0.36021506786346436
2024-02-04 00:52:22,767 - tf2onnx.tfonnx - INFO - Using tensorflow=2.15.0, onnx=1.15.0, tf2onnx=1.16.1/15c810
2024-02-04 00:52:22,768 - tf2onnx.tfonnx - INFO - Using opset <onnx, 15>
2024-02-04 00:52:22,878 - tf2onnx.tf_utils - INFO - Computed 0 values for constant folding
2024-02-04 00:52:22,881 - tf2onnx.tf_utils - INFO - Computed 0 values for constant folding
2024-02-04 00:52:22,887 - tf2onnx.tf_utils - INFO - Computed 0 values for constant folding
2024-02-04 00:52:22,889 - tf2onnx.tf_utils - INFO - Computed 0 values for constant folding
2024-02-04 00:52:22,923 - tf2onnx.tf_utils - INFO - Computed 2 values for constant folding
2024-02-04 00:52:23,001 - tf2onnx.tfonnx - INFO - folding node using tf type=StridedSlice, name=model/bidirectional/forward_lstm/PartitionedCall/strided_slice
2024-02-04 00:52:23,001 - tf2onnx.tfonnx - INFO - folding node using tf type=StridedSlice, name=model/bidirectional/backward_lstm/PartitionedCall/strided_slice
2024-02-04 00:52:23,112 - tf2onnx.optimizer - INFO - Optimizing ONNX model
2024-02-04 00:52:23,863 - tf2onnx.optimizer - INFO - After optimization: BatchNormalization -18 (18->0), Cast -4 (11->7), Concat -4 (10->6), Const -129 (192->63), Expand -3 (4->1), Gather +2 (2->4), Identity -2 (2->0), Shape -1 (4->3), Slice -1 (5->4), Squeeze -3 (5->2), Transpose -81 (85->4), Unsqueeze -14 (17->3)
